2025-09-26 00:57:20 | INFO | {'message': 'I just shared travel! It was amazing.', 'author': 'Charlie', 'timestamp': '2025-09-26 00:57:20', 'category': 'travel', 'sentiment': 0.65, 'keyword_mentioned': 'travel', 'message_length': 37}
2025-09-26 00:57:25 | INFO | {'message': 'I just shared a trick! It was weird.', 'author': 'Eve', 'timestamp': '2025-09-26 00:57:25', 'category': 'other', 'sentiment': 0.81, 'keyword_mentioned': 'other', 'message_length': 36}
2025-09-26 00:57:30 | INFO | {'message': 'I just saw travel! It was exciting.', 'author': 'Charlie', 'timestamp': '2025-09-26 00:57:30', 'category': 'travel', 'sentiment': 0.37, 'keyword_mentioned': 'travel', 'message_length': 35}
2025-09-26 00:57:35 | INFO | {'message': 'I just saw a movie! It was exciting.', 'author': 'Bob', 'timestamp': '2025-09-26 00:57:35', 'category': 'entertainment', 'sentiment': 0.03, 'keyword_mentioned': 'movie', 'message_length': 36}
2025-09-26 00:57:40 | INFO | {'message': 'I just tried travel! It was boring.', 'author': 'Alice', 'timestamp': '2025-09-26 00:57:40', 'category': 'travel', 'sentiment': 0.49, 'keyword_mentioned': 'travel', 'message_length': 35}
2025-09-26 00:57:41 | INFO | Logging to file: logs/project_log.log
2025-09-26 00:57:41 | INFO | Log sanitization enabled, personal info removed
2025-09-26 00:57:41 | INFO | Starting Consumer to run continuously.
2025-09-26 00:57:41 | INFO | Things can fail or get interrupted, so use a try block.
2025-09-26 00:57:41 | INFO | Moved .env variables into a utils config module.
2025-09-26 00:57:41 | INFO | STEP 1. Read environment variables using new config functions.
2025-09-26 00:57:41 | INFO | MESSAGE_INTERVAL_SECONDS: 5
2025-09-26 00:57:41 | INFO | BASE_DATA_DIR: C:/Users/USER/Downloads/44-671 Streaming Data/Week-5/buzzline-05-karto/data
2025-09-26 00:57:41 | INFO | LIVE_DATA_PATH: C:/Users/USER/Downloads/44-671 Streaming Data/Week-5/buzzline-05-karto/data/project_live.json
2025-09-26 00:57:41 | INFO | BASE_DATA_DIR: C:/Users/USER/Downloads/44-671 Streaming Data/Week-5/buzzline-05-karto/data
2025-09-26 00:57:41 | INFO | SQLITE_PATH: C:/Users/USER/Downloads/44-671 Streaming Data/Week-5/buzzline-05-karto/data/buzz.sqlite
2025-09-26 00:57:41 | INFO | SUCCESS: Read environment variables.
2025-09-26 00:57:41 | INFO | STEP 2. Delete any prior database file for a fresh start.
2025-09-26 00:57:41 | INFO | SUCCESS: Deleted database file.
2025-09-26 00:57:41 | INFO | STEP 3. Initialize a new database with an empty table.
2025-09-26 00:57:41 | INFO | Calling SQLite init_db() with {db_path=}.
2025-09-26 00:57:41 | INFO | SUCCESS: Got a cursor to execute SQL.
2025-09-26 00:57:41 | INFO | SUCCESS: Database initialized and table ready at C:/Users/USER/Downloads/44-671 Streaming Data/Week-5/buzzline-05-karto/data/buzz.sqlite.
2025-09-26 00:57:41 | INFO | STEP 4. Begin consuming and storing messages.
2025-09-26 00:57:41 | INFO | Called consume_messages_from_file() with:
2025-09-26 00:57:41 | INFO |    live_data_path=WindowsPath('C:/Users/USER/Downloads/44-671 Streaming Data/Week-5/buzzline-05-karto/data/project_live.json')
2025-09-26 00:57:41 | INFO |    sql_path=WindowsPath('C:/Users/USER/Downloads/44-671 Streaming Data/Week-5/buzzline-05-karto/data/buzz.sqlite')
2025-09-26 00:57:41 | INFO |    interval_secs=5
2025-09-26 00:57:41 | INFO |    last_position=0
2025-09-26 00:57:41 | INFO | 1. Initialize the database.
2025-09-26 00:57:41 | INFO | Calling SQLite init_db() with {db_path=}.
2025-09-26 00:57:41 | INFO | SUCCESS: Got a cursor to execute SQL.
2025-09-26 00:57:41 | INFO | SUCCESS: Database initialized and table ready at C:/Users/USER/Downloads/44-671 Streaming Data/Week-5/buzzline-05-karto/data/buzz.sqlite.
2025-09-26 00:57:41 | INFO | 2. Set the last position to 0 to start at the beginning of the file.
2025-09-26 00:57:41 | INFO | 3. Read from live data file at position 0.
2025-09-26 00:57:41 | INFO | Processed message: {'message': 'I just tried an app! It was funny.', 'author': 'Charlie', 'timestamp': '2025-09-26 00:56:54', 'category': 'other', 'sentiment': 0.3, 'keyword_mentioned': 'other', 'message_length': 34}
2025-09-26 00:57:41 | INFO | Calling SQLite insert_message() with:
2025-09-26 00:57:41 | INFO | message={'message': 'I just tried an app! It was funny.', 'author': 'Charlie', 'timestamp': '2025-09-26 00:56:54', 'category': 'other', 'sentiment': 0.3, 'keyword_mentioned': 'other', 'message_length': 34}
2025-09-26 00:57:41 | INFO | db_path=WindowsPath('C:/Users/USER/Downloads/44-671 Streaming Data/Week-5/buzzline-05-karto/data/buzz.sqlite')
2025-09-26 00:57:41 | INFO | Inserted one message into the database.
2025-09-26 00:57:41 | INFO | Processed message: {'message': 'I just found a movie! It was funny.', 'author': 'Alice', 'timestamp': '2025-09-26 00:56:59', 'category': 'entertainment', 'sentiment': 0.24, 'keyword_mentioned': 'movie', 'message_length': 35}
2025-09-26 00:57:41 | INFO | Calling SQLite insert_message() with:
2025-09-26 00:57:41 | INFO | message={'message': 'I just found a movie! It was funny.', 'author': 'Alice', 'timestamp': '2025-09-26 00:56:59', 'category': 'entertainment', 'sentiment': 0.24, 'keyword_mentioned': 'movie', 'message_length': 35}
2025-09-26 00:57:41 | INFO | db_path=WindowsPath('C:/Users/USER/Downloads/44-671 Streaming Data/Week-5/buzzline-05-karto/data/buzz.sqlite')
2025-09-26 00:57:41 | INFO | Inserted one message into the database.
2025-09-26 00:57:41 | INFO | Processed message: {'message': 'I just tried an app! It was boring.', 'author': 'Bob', 'timestamp': '2025-09-26 00:57:05', 'category': 'other', 'sentiment': 0.94, 'keyword_mentioned': 'other', 'message_length': 35}
2025-09-26 00:57:41 | INFO | Calling SQLite insert_message() with:
2025-09-26 00:57:41 | INFO | message={'message': 'I just tried an app! It was boring.', 'author': 'Bob', 'timestamp': '2025-09-26 00:57:05', 'category': 'other', 'sentiment': 0.94, 'keyword_mentioned': 'other', 'message_length': 35}
2025-09-26 00:57:41 | INFO | db_path=WindowsPath('C:/Users/USER/Downloads/44-671 Streaming Data/Week-5/buzzline-05-karto/data/buzz.sqlite')
2025-09-26 00:57:41 | INFO | Inserted one message into the database.
2025-09-26 00:57:41 | INFO | Processed message: {'message': 'I just loved travel! It was funny.', 'author': 'Bob', 'timestamp': '2025-09-26 00:57:10', 'category': 'travel', 'sentiment': 0.57, 'keyword_mentioned': 'travel', 'message_length': 34}
2025-09-26 00:57:41 | INFO | Calling SQLite insert_message() with:
2025-09-26 00:57:41 | INFO | message={'message': 'I just loved travel! It was funny.', 'author': 'Bob', 'timestamp': '2025-09-26 00:57:10', 'category': 'travel', 'sentiment': 0.57, 'keyword_mentioned': 'travel', 'message_length': 34}
2025-09-26 00:57:41 | INFO | db_path=WindowsPath('C:/Users/USER/Downloads/44-671 Streaming Data/Week-5/buzzline-05-karto/data/buzz.sqlite')
2025-09-26 00:57:41 | INFO | Inserted one message into the database.
2025-09-26 00:57:41 | INFO | Processed message: {'message': 'I just saw a meme! It was exciting.', 'author': 'Bob', 'timestamp': '2025-09-26 00:57:15', 'category': 'humor', 'sentiment': 0.42, 'keyword_mentioned': 'meme', 'message_length': 35}
2025-09-26 00:57:41 | INFO | Calling SQLite insert_message() with:
2025-09-26 00:57:41 | INFO | message={'message': 'I just saw a meme! It was exciting.', 'author': 'Bob', 'timestamp': '2025-09-26 00:57:15', 'category': 'humor', 'sentiment': 0.42, 'keyword_mentioned': 'meme', 'message_length': 35}
2025-09-26 00:57:41 | INFO | db_path=WindowsPath('C:/Users/USER/Downloads/44-671 Streaming Data/Week-5/buzzline-05-karto/data/buzz.sqlite')
2025-09-26 00:57:41 | INFO | Inserted one message into the database.
2025-09-26 00:57:41 | INFO | Processed message: {'message': 'I just shared travel! It was amazing.', 'author': 'Charlie', 'timestamp': '2025-09-26 00:57:20', 'category': 'travel', 'sentiment': 0.65, 'keyword_mentioned': 'travel', 'message_length': 37}
2025-09-26 00:57:41 | INFO | Calling SQLite insert_message() with:
2025-09-26 00:57:41 | INFO | message={'message': 'I just shared travel! It was amazing.', 'author': 'Charlie', 'timestamp': '2025-09-26 00:57:20', 'category': 'travel', 'sentiment': 0.65, 'keyword_mentioned': 'travel', 'message_length': 37}
2025-09-26 00:57:41 | INFO | db_path=WindowsPath('C:/Users/USER/Downloads/44-671 Streaming Data/Week-5/buzzline-05-karto/data/buzz.sqlite')
2025-09-26 00:57:41 | INFO | Inserted one message into the database.
2025-09-26 00:57:41 | INFO | Processed message: {'message': 'I just shared a trick! It was weird.', 'author': 'Eve', 'timestamp': '2025-09-26 00:57:25', 'category': 'other', 'sentiment': 0.81, 'keyword_mentioned': 'other', 'message_length': 36}
2025-09-26 00:57:41 | INFO | Calling SQLite insert_message() with:
2025-09-26 00:57:41 | INFO | message={'message': 'I just shared a trick! It was weird.', 'author': 'Eve', 'timestamp': '2025-09-26 00:57:25', 'category': 'other', 'sentiment': 0.81, 'keyword_mentioned': 'other', 'message_length': 36}
2025-09-26 00:57:41 | INFO | db_path=WindowsPath('C:/Users/USER/Downloads/44-671 Streaming Data/Week-5/buzzline-05-karto/data/buzz.sqlite')
2025-09-26 00:57:41 | INFO | Inserted one message into the database.
2025-09-26 00:57:41 | INFO | Processed message: {'message': 'I just saw travel! It was exciting.', 'author': 'Charlie', 'timestamp': '2025-09-26 00:57:30', 'category': 'travel', 'sentiment': 0.37, 'keyword_mentioned': 'travel', 'message_length': 35}
2025-09-26 00:57:41 | INFO | Calling SQLite insert_message() with:
2025-09-26 00:57:41 | INFO | message={'message': 'I just saw travel! It was exciting.', 'author': 'Charlie', 'timestamp': '2025-09-26 00:57:30', 'category': 'travel', 'sentiment': 0.37, 'keyword_mentioned': 'travel', 'message_length': 35}
2025-09-26 00:57:41 | INFO | db_path=WindowsPath('C:/Users/USER/Downloads/44-671 Streaming Data/Week-5/buzzline-05-karto/data/buzz.sqlite')
2025-09-26 00:57:41 | INFO | Inserted one message into the database.
2025-09-26 00:57:41 | INFO | Processed message: {'message': 'I just saw a movie! It was exciting.', 'author': 'Bob', 'timestamp': '2025-09-26 00:57:35', 'category': 'entertainment', 'sentiment': 0.03, 'keyword_mentioned': 'movie', 'message_length': 36}
2025-09-26 00:57:41 | INFO | Calling SQLite insert_message() with:
2025-09-26 00:57:41 | INFO | message={'message': 'I just saw a movie! It was exciting.', 'author': 'Bob', 'timestamp': '2025-09-26 00:57:35', 'category': 'entertainment', 'sentiment': 0.03, 'keyword_mentioned': 'movie', 'message_length': 36}
2025-09-26 00:57:41 | INFO | db_path=WindowsPath('C:/Users/USER/Downloads/44-671 Streaming Data/Week-5/buzzline-05-karto/data/buzz.sqlite')
2025-09-26 00:57:41 | INFO | Inserted one message into the database.
2025-09-26 00:57:41 | INFO | Processed message: {'message': 'I just tried travel! It was boring.', 'author': 'Alice', 'timestamp': '2025-09-26 00:57:40', 'category': 'travel', 'sentiment': 0.49, 'keyword_mentioned': 'travel', 'message_length': 35}
2025-09-26 00:57:41 | INFO | Calling SQLite insert_message() with:
2025-09-26 00:57:41 | INFO | message={'message': 'I just tried travel! It was boring.', 'author': 'Alice', 'timestamp': '2025-09-26 00:57:40', 'category': 'travel', 'sentiment': 0.49, 'keyword_mentioned': 'travel', 'message_length': 35}
2025-09-26 00:57:41 | INFO | db_path=WindowsPath('C:/Users/USER/Downloads/44-671 Streaming Data/Week-5/buzzline-05-karto/data/buzz.sqlite')
2025-09-26 00:57:41 | INFO | Inserted one message into the database.
2025-09-26 00:57:41 | INFO | TRY/FINALLY: Consumer shutting down.
2025-09-26 00:57:45 | INFO | {'message': 'I just shared a movie! It was boring.', 'author': 'Eve', 'timestamp': '2025-09-26 00:57:45', 'category': 'entertainment', 'sentiment': 0.72, 'keyword_mentioned': 'movie', 'message_length': 37}
2025-09-26 00:57:50 | INFO | {'message': 'I just tried a meme! It was boring.', 'author': 'Bob', 'timestamp': '2025-09-26 00:57:50', 'category': 'humor', 'sentiment': 0.94, 'keyword_mentioned': 'meme', 'message_length': 35}
2025-09-26 00:57:55 | INFO | {'message': 'I just loved an app! It was funny.', 'author': 'Bob', 'timestamp': '2025-09-26 00:57:55', 'category': 'other', 'sentiment': 0.12, 'keyword_mentioned': 'other', 'message_length': 34}
2025-09-26 00:58:00 | INFO | {'message': 'I just saw Python! It was amazing.', 'author': 'Eve', 'timestamp': '2025-09-26 00:58:00', 'category': 'tech', 'sentiment': 0.92, 'keyword_mentioned': 'Python', 'message_length': 34}
2025-09-26 00:58:05 | INFO | {'message': 'I just shared a meme! It was exciting.', 'author': 'Bob', 'timestamp': '2025-09-26 00:58:05', 'category': 'humor', 'sentiment': 0.19, 'keyword_mentioned': 'meme', 'message_length': 38}
2025-09-26 00:58:10 | INFO | {'message': 'I just found a trick! It was weird.', 'author': 'Charlie', 'timestamp': '2025-09-26 00:58:10', 'category': 'other', 'sentiment': 0.56, 'keyword_mentioned': 'other', 'message_length': 35}
2025-09-26 00:58:15 | INFO | {'message': 'I just shared an app! It was amazing.', 'author': 'Alice', 'timestamp': '2025-09-26 00:58:15', 'category': 'other', 'sentiment': 0.74, 'keyword_mentioned': 'other', 'message_length': 37}
2025-09-26 00:58:20 | INFO | {'message': 'I just saw recipe! It was funny.', 'author': 'Charlie', 'timestamp': '2025-09-26 00:58:20', 'category': 'food', 'sentiment': 0.82, 'keyword_mentioned': 'recipe', 'message_length': 32}
2025-09-26 00:58:25 | INFO | {'message': 'I just shared a movie! It was exciting.', 'author': 'Alice', 'timestamp': '2025-09-26 00:58:25', 'category': 'entertainment', 'sentiment': 0.49, 'keyword_mentioned': 'movie', 'message_length': 39}
2025-09-26 00:58:30 | INFO | {'message': 'I just loved Python! It was weird.', 'author': 'Charlie', 'timestamp': '2025-09-26 00:58:30', 'category': 'tech', 'sentiment': 0.54, 'keyword_mentioned': 'Python', 'message_length': 34}
2025-09-26 00:58:35 | INFO | {'message': 'I just saw a story! It was boring.', 'author': 'Bob', 'timestamp': '2025-09-26 00:58:35', 'category': 'other', 'sentiment': 0.63, 'keyword_mentioned': 'other', 'message_length': 34}
2025-09-26 00:58:40 | INFO | {'message': 'I just shared JavaScript! It was exciting.', 'author': 'Charlie', 'timestamp': '2025-09-26 00:58:40', 'category': 'tech', 'sentiment': 0.88, 'keyword_mentioned': 'JavaScript', 'message_length': 42}
2025-09-26 00:58:45 | INFO | {'message': 'I just shared an app! It was boring.', 'author': 'Alice', 'timestamp': '2025-09-26 00:58:45', 'category': 'other', 'sentiment': 0.45, 'keyword_mentioned': 'other', 'message_length': 36}
2025-09-26 00:58:50 | INFO | {'message': 'I just saw travel! It was amazing.', 'author': 'Alice', 'timestamp': '2025-09-26 00:58:50', 'category': 'travel', 'sentiment': 0.71, 'keyword_mentioned': 'travel', 'message_length': 34}
2025-09-26 00:58:55 | INFO | {'message': 'I just shared JavaScript! It was amazing.', 'author': 'Eve', 'timestamp': '2025-09-26 00:58:55', 'category': 'tech', 'sentiment': 0.21, 'keyword_mentioned': 'JavaScript', 'message_length': 41}
2025-09-26 00:59:00 | INFO | {'message': 'I just found game! It was funny.', 'author': 'Eve', 'timestamp': '2025-09-26 00:59:00', 'category': 'gaming', 'sentiment': 0.76, 'keyword_mentioned': 'game', 'message_length': 32}
2025-09-26 00:59:05 | INFO | {'message': 'I just tried a meme! It was exciting.', 'author': 'Bob', 'timestamp': '2025-09-26 00:59:05', 'category': 'humor', 'sentiment': 0.04, 'keyword_mentioned': 'meme', 'message_length': 37}
2025-09-26 00:59:10 | INFO | {'message': 'I just saw a movie! It was exciting.', 'author': 'Charlie', 'timestamp': '2025-09-26 00:59:10', 'category': 'entertainment', 'sentiment': 0.54, 'keyword_mentioned': 'movie', 'message_length': 36}
2025-09-26 00:59:15 | INFO | {'message': 'I just saw JavaScript! It was boring.', 'author': 'Bob', 'timestamp': '2025-09-26 00:59:15', 'category': 'tech', 'sentiment': 0.41, 'keyword_mentioned': 'JavaScript', 'message_length': 37}
2025-09-26 00:59:20 | INFO | {'message': 'I just tried an app! It was funny.', 'author': 'Charlie', 'timestamp': '2025-09-26 00:59:20', 'category': 'other', 'sentiment': 0.17, 'keyword_mentioned': 'other', 'message_length': 34}
2025-09-26 00:59:25 | INFO | {'message': 'I just tried Python! It was weird.', 'author': 'Bob', 'timestamp': '2025-09-26 00:59:25', 'category': 'tech', 'sentiment': 0.07, 'keyword_mentioned': 'Python', 'message_length': 34}
2025-09-26 00:59:30 | INFO | {'message': 'I just found JavaScript! It was funny.', 'author': 'Bob', 'timestamp': '2025-09-26 00:59:30', 'category': 'tech', 'sentiment': 0.51, 'keyword_mentioned': 'JavaScript', 'message_length': 38}
2025-09-26 00:59:35 | INFO | {'message': 'I just tried JavaScript! It was funny.', 'author': 'Eve', 'timestamp': '2025-09-26 00:59:35', 'category': 'tech', 'sentiment': 0.15, 'keyword_mentioned': 'JavaScript', 'message_length': 38}
2025-09-26 00:59:40 | INFO | {'message': 'I just saw game! It was amazing.', 'author': 'Alice', 'timestamp': '2025-09-26 00:59:40', 'category': 'gaming', 'sentiment': 0.72, 'keyword_mentioned': 'game', 'message_length': 32}
2025-09-26 00:59:45 | INFO | {'message': 'I just saw a story! It was boring.', 'author': 'Bob', 'timestamp': '2025-09-26 00:59:45', 'category': 'other', 'sentiment': 0.86, 'keyword_mentioned': 'other', 'message_length': 34}
2025-09-26 00:59:50 | INFO | {'message': 'I just saw recipe! It was amazing.', 'author': 'Alice', 'timestamp': '2025-09-26 00:59:50', 'category': 'food', 'sentiment': 0.49, 'keyword_mentioned': 'recipe', 'message_length': 34}
2025-09-26 00:59:55 | INFO | {'message': 'I just shared a trick! It was amazing.', 'author': 'Eve', 'timestamp': '2025-09-26 00:59:55', 'category': 'other', 'sentiment': 0.36, 'keyword_mentioned': 'other', 'message_length': 38}
2025-09-26 01:00:00 | INFO | {'message': 'I just found recipe! It was boring.', 'author': 'Alice', 'timestamp': '2025-09-26 01:00:00', 'category': 'food', 'sentiment': 0.16, 'keyword_mentioned': 'recipe', 'message_length': 35}
2025-09-26 01:00:05 | INFO | {'message': 'I just shared a movie! It was amazing.', 'author': 'Alice', 'timestamp': '2025-09-26 01:00:05', 'category': 'entertainment', 'sentiment': 0.29, 'keyword_mentioned': 'movie', 'message_length': 38}
2025-09-26 01:00:10 | INFO | {'message': 'I just found travel! It was funny.', 'author': 'Eve', 'timestamp': '2025-09-26 01:00:10', 'category': 'travel', 'sentiment': 0.78, 'keyword_mentioned': 'travel', 'message_length': 34}
2025-09-26 01:00:15 | INFO | {'message': 'I just tried a movie! It was amazing.', 'author': 'Eve', 'timestamp': '2025-09-26 01:00:15', 'category': 'entertainment', 'sentiment': 0.9, 'keyword_mentioned': 'movie', 'message_length': 37}
2025-09-26 01:00:20 | INFO | {'message': 'I just shared a movie! It was exciting.', 'author': 'Charlie', 'timestamp': '2025-09-26 01:00:20', 'category': 'entertainment', 'sentiment': 0.93, 'keyword_mentioned': 'movie', 'message_length': 39}
2025-09-26 01:00:25 | INFO | {'message': 'I just tried an app! It was amazing.', 'author': 'Eve', 'timestamp': '2025-09-26 01:00:25', 'category': 'other', 'sentiment': 0.81, 'keyword_mentioned': 'other', 'message_length': 36}
2025-09-26 01:00:30 | INFO | {'message': 'I just saw Python! It was weird.', 'author': 'Bob', 'timestamp': '2025-09-26 01:00:30', 'category': 'tech', 'sentiment': 0.12, 'keyword_mentioned': 'Python', 'message_length': 32}
2025-09-26 01:00:35 | INFO | {'message': 'I just shared a meme! It was boring.', 'author': 'Bob', 'timestamp': '2025-09-26 01:00:35', 'category': 'humor', 'sentiment': 0.19, 'keyword_mentioned': 'meme', 'message_length': 36}
2025-09-26 01:00:40 | INFO | {'message': 'I just saw a story! It was exciting.', 'author': 'Charlie', 'timestamp': '2025-09-26 01:00:40', 'category': 'other', 'sentiment': 0.35, 'keyword_mentioned': 'other', 'message_length': 36}
2025-09-26 01:00:45 | INFO | {'message': 'I just shared Python! It was funny.', 'author': 'Charlie', 'timestamp': '2025-09-26 01:00:45', 'category': 'tech', 'sentiment': 0.01, 'keyword_mentioned': 'Python', 'message_length': 35}
2025-09-26 01:00:50 | INFO | {'message': 'I just tried JavaScript! It was amazing.', 'author': 'Bob', 'timestamp': '2025-09-26 01:00:50', 'category': 'tech', 'sentiment': 0.09, 'keyword_mentioned': 'JavaScript', 'message_length': 40}
2025-09-26 01:00:55 | INFO | {'message': 'I just found JavaScript! It was boring.', 'author': 'Bob', 'timestamp': '2025-09-26 01:00:55', 'category': 'tech', 'sentiment': 0.32, 'keyword_mentioned': 'JavaScript', 'message_length': 39}
2025-09-26 01:01:00 | INFO | {'message': 'I just saw recipe! It was exciting.', 'author': 'Charlie', 'timestamp': '2025-09-26 01:01:00', 'category': 'food', 'sentiment': 0.38, 'keyword_mentioned': 'recipe', 'message_length': 35}
2025-09-26 01:01:05 | INFO | {'message': 'I just found recipe! It was exciting.', 'author': 'Charlie', 'timestamp': '2025-09-26 01:01:05', 'category': 'food', 'sentiment': 0.98, 'keyword_mentioned': 'recipe', 'message_length': 37}
2025-09-26 01:01:10 | INFO | {'message': 'I just found a trick! It was boring.', 'author': 'Alice', 'timestamp': '2025-09-26 01:01:10', 'category': 'other', 'sentiment': 0.72, 'keyword_mentioned': 'other', 'message_length': 36}
2025-09-26 01:01:15 | INFO | {'message': 'I just saw Python! It was funny.', 'author': 'Bob', 'timestamp': '2025-09-26 01:01:15', 'category': 'tech', 'sentiment': 0.49, 'keyword_mentioned': 'Python', 'message_length': 32}
2025-09-26 01:01:20 | INFO | {'message': 'I just loved Python! It was funny.', 'author': 'Alice', 'timestamp': '2025-09-26 01:01:20', 'category': 'tech', 'sentiment': 0.57, 'keyword_mentioned': 'Python', 'message_length': 34}
2025-09-26 01:01:25 | INFO | {'message': 'I just loved an app! It was funny.', 'author': 'Alice', 'timestamp': '2025-09-26 01:01:25', 'category': 'other', 'sentiment': 0.01, 'keyword_mentioned': 'other', 'message_length': 34}
2025-09-26 01:01:30 | INFO | {'message': 'I just tried a trick! It was amazing.', 'author': 'Alice', 'timestamp': '2025-09-26 01:01:30', 'category': 'other', 'sentiment': 0.11, 'keyword_mentioned': 'other', 'message_length': 37}
2025-09-26 01:01:35 | INFO | {'message': 'I just found a meme! It was boring.', 'author': 'Bob', 'timestamp': '2025-09-26 01:01:35', 'category': 'humor', 'sentiment': 0.26, 'keyword_mentioned': 'meme', 'message_length': 35}
2025-09-26 01:01:40 | INFO | {'message': 'I just found JavaScript! It was amazing.', 'author': 'Bob', 'timestamp': '2025-09-26 01:01:40', 'category': 'tech', 'sentiment': 0.55, 'keyword_mentioned': 'JavaScript', 'message_length': 40}
2025-09-26 01:01:45 | INFO | {'message': 'I just shared game! It was amazing.', 'author': 'Charlie', 'timestamp': '2025-09-26 01:01:45', 'category': 'gaming', 'sentiment': 0.63, 'keyword_mentioned': 'game', 'message_length': 35}
2025-09-26 01:01:50 | INFO | {'message': 'I just saw an app! It was funny.', 'author': 'Eve', 'timestamp': '2025-09-26 01:01:50', 'category': 'other', 'sentiment': 0.72, 'keyword_mentioned': 'other', 'message_length': 32}
2025-09-26 01:01:55 | INFO | {'message': 'I just saw recipe! It was weird.', 'author': 'Bob', 'timestamp': '2025-09-26 01:01:55', 'category': 'food', 'sentiment': 0.45, 'keyword_mentioned': 'recipe', 'message_length': 32}
2025-09-26 01:02:00 | INFO | {'message': 'I just shared a trick! It was boring.', 'author': 'Charlie', 'timestamp': '2025-09-26 01:02:00', 'category': 'other', 'sentiment': 0.08, 'keyword_mentioned': 'other', 'message_length': 37}
2025-09-26 01:02:05 | INFO | {'message': 'I just found game! It was weird.', 'author': 'Bob', 'timestamp': '2025-09-26 01:02:05', 'category': 'gaming', 'sentiment': 0.66, 'keyword_mentioned': 'game', 'message_length': 32}
2025-09-26 01:02:10 | INFO | {'message': 'I just found a meme! It was exciting.', 'author': 'Eve', 'timestamp': '2025-09-26 01:02:10', 'category': 'humor', 'sentiment': 0.67, 'keyword_mentioned': 'meme', 'message_length': 37}
2025-09-26 01:02:15 | INFO | {'message': 'I just saw a meme! It was amazing.', 'author': 'Bob', 'timestamp': '2025-09-26 01:02:15', 'category': 'humor', 'sentiment': 0.2, 'keyword_mentioned': 'meme', 'message_length': 34}
2025-09-26 01:02:20 | INFO | {'message': 'I just shared JavaScript! It was funny.', 'author': 'Bob', 'timestamp': '2025-09-26 01:02:20', 'category': 'tech', 'sentiment': 0.27, 'keyword_mentioned': 'JavaScript', 'message_length': 39}
2025-09-26 01:02:25 | INFO | {'message': 'I just saw a meme! It was exciting.', 'author': 'Eve', 'timestamp': '2025-09-26 01:02:25', 'category': 'humor', 'sentiment': 0.27, 'keyword_mentioned': 'meme', 'message_length': 35}
2025-09-26 01:02:30 | INFO | {'message': 'I just shared travel! It was amazing.', 'author': 'Charlie', 'timestamp': '2025-09-26 01:02:30', 'category': 'travel', 'sentiment': 0.7, 'keyword_mentioned': 'travel', 'message_length': 37}
2025-09-26 01:02:35 | INFO | {'message': 'I just saw a movie! It was amazing.', 'author': 'Bob', 'timestamp': '2025-09-26 01:02:35', 'category': 'entertainment', 'sentiment': 0.75, 'keyword_mentioned': 'movie', 'message_length': 35}
2025-09-26 01:02:40 | INFO | {'message': 'I just shared a trick! It was weird.', 'author': 'Charlie', 'timestamp': '2025-09-26 01:02:40', 'category': 'other', 'sentiment': 0.96, 'keyword_mentioned': 'other', 'message_length': 36}
2025-09-26 01:02:45 | INFO | {'message': 'I just loved recipe! It was funny.', 'author': 'Charlie', 'timestamp': '2025-09-26 01:02:45', 'category': 'food', 'sentiment': 0.62, 'keyword_mentioned': 'recipe', 'message_length': 34}
2025-09-26 01:02:50 | INFO | {'message': 'I just saw a story! It was weird.', 'author': 'Alice', 'timestamp': '2025-09-26 01:02:50', 'category': 'other', 'sentiment': 0.97, 'keyword_mentioned': 'other', 'message_length': 33}
2025-09-26 01:02:55 | INFO | {'message': 'I just saw a movie! It was amazing.', 'author': 'Eve', 'timestamp': '2025-09-26 01:02:55', 'category': 'entertainment', 'sentiment': 0.19, 'keyword_mentioned': 'movie', 'message_length': 35}
2025-09-26 01:03:00 | INFO | {'message': 'I just found game! It was weird.', 'author': 'Alice', 'timestamp': '2025-09-26 01:03:00', 'category': 'gaming', 'sentiment': 0.68, 'keyword_mentioned': 'game', 'message_length': 32}
2025-09-26 01:03:05 | INFO | {'message': 'I just shared Python! It was exciting.', 'author': 'Alice', 'timestamp': '2025-09-26 01:03:05', 'category': 'tech', 'sentiment': 0.72, 'keyword_mentioned': 'Python', 'message_length': 38}
2025-09-26 01:03:10 | INFO | {'message': 'I just found travel! It was weird.', 'author': 'Charlie', 'timestamp': '2025-09-26 01:03:10', 'category': 'travel', 'sentiment': 0.43, 'keyword_mentioned': 'travel', 'message_length': 34}
2025-09-26 01:03:15 | INFO | {'message': 'I just found recipe! It was exciting.', 'author': 'Eve', 'timestamp': '2025-09-26 01:03:15', 'category': 'food', 'sentiment': 0.69, 'keyword_mentioned': 'recipe', 'message_length': 37}
2025-09-26 01:03:20 | INFO | {'message': 'I just tried Python! It was exciting.', 'author': 'Eve', 'timestamp': '2025-09-26 01:03:20', 'category': 'tech', 'sentiment': 0.02, 'keyword_mentioned': 'Python', 'message_length': 37}
2025-09-26 01:03:25 | INFO | {'message': 'I just shared a meme! It was boring.', 'author': 'Bob', 'timestamp': '2025-09-26 01:03:25', 'category': 'humor', 'sentiment': 0.84, 'keyword_mentioned': 'meme', 'message_length': 36}
2025-09-26 01:03:30 | INFO | {'message': 'I just loved a trick! It was boring.', 'author': 'Alice', 'timestamp': '2025-09-26 01:03:30', 'category': 'other', 'sentiment': 0.8, 'keyword_mentioned': 'other', 'message_length': 36}
2025-09-26 01:03:35 | INFO | {'message': 'I just loved a story! It was exciting.', 'author': 'Alice', 'timestamp': '2025-09-26 01:03:35', 'category': 'other', 'sentiment': 0.51, 'keyword_mentioned': 'other', 'message_length': 38}
2025-09-26 01:03:40 | INFO | {'message': 'I just found an app! It was funny.', 'author': 'Bob', 'timestamp': '2025-09-26 01:03:40', 'category': 'other', 'sentiment': 0.36, 'keyword_mentioned': 'other', 'message_length': 34}
2025-09-26 01:03:45 | INFO | {'message': 'I just shared a movie! It was amazing.', 'author': 'Alice', 'timestamp': '2025-09-26 01:03:45', 'category': 'entertainment', 'sentiment': 0.47, 'keyword_mentioned': 'movie', 'message_length': 38}
2025-09-26 01:03:50 | INFO | {'message': 'I just saw JavaScript! It was exciting.', 'author': 'Eve', 'timestamp': '2025-09-26 01:03:50', 'category': 'tech', 'sentiment': 0.45, 'keyword_mentioned': 'JavaScript', 'message_length': 39}
2025-09-26 01:03:55 | INFO | {'message': 'I just found a trick! It was amazing.', 'author': 'Alice', 'timestamp': '2025-09-26 01:03:55', 'category': 'other', 'sentiment': 0.97, 'keyword_mentioned': 'other', 'message_length': 37}
2025-09-26 01:04:00 | INFO | {'message': 'I just found a movie! It was funny.', 'author': 'Eve', 'timestamp': '2025-09-26 01:04:00', 'category': 'entertainment', 'sentiment': 0.16, 'keyword_mentioned': 'movie', 'message_length': 35}
2025-09-26 01:04:05 | INFO | {'message': 'I just shared a meme! It was funny.', 'author': 'Bob', 'timestamp': '2025-09-26 01:04:05', 'category': 'humor', 'sentiment': 0.67, 'keyword_mentioned': 'meme', 'message_length': 35}
2025-09-26 01:04:10 | INFO | {'message': 'I just found JavaScript! It was funny.', 'author': 'Eve', 'timestamp': '2025-09-26 01:04:10', 'category': 'tech', 'sentiment': 0.07, 'keyword_mentioned': 'JavaScript', 'message_length': 38}
2025-09-26 01:04:15 | INFO | {'message': 'I just found Python! It was funny.', 'author': 'Bob', 'timestamp': '2025-09-26 01:04:15', 'category': 'tech', 'sentiment': 0.05, 'keyword_mentioned': 'Python', 'message_length': 34}
2025-09-26 01:04:20 | INFO | {'message': 'I just tried game! It was amazing.', 'author': 'Charlie', 'timestamp': '2025-09-26 01:04:20', 'category': 'gaming', 'sentiment': 0.4, 'keyword_mentioned': 'game', 'message_length': 34}
2025-09-26 01:04:25 | INFO | {'message': 'I just shared a trick! It was funny.', 'author': 'Charlie', 'timestamp': '2025-09-26 01:04:25', 'category': 'other', 'sentiment': 0.64, 'keyword_mentioned': 'other', 'message_length': 36}
2025-09-26 01:04:30 | INFO | {'message': 'I just saw Python! It was funny.', 'author': 'Alice', 'timestamp': '2025-09-26 01:04:30', 'category': 'tech', 'sentiment': 0.9, 'keyword_mentioned': 'Python', 'message_length': 32}
2025-09-26 01:04:35 | INFO | {'message': 'I just shared travel! It was amazing.', 'author': 'Alice', 'timestamp': '2025-09-26 01:04:35', 'category': 'travel', 'sentiment': 0.87, 'keyword_mentioned': 'travel', 'message_length': 37}
2025-09-26 01:04:40 | INFO | {'message': 'I just found an app! It was weird.', 'author': 'Eve', 'timestamp': '2025-09-26 01:04:40', 'category': 'other', 'sentiment': 0.12, 'keyword_mentioned': 'other', 'message_length': 34}
2025-09-26 01:04:45 | INFO | {'message': 'I just tried a meme! It was funny.', 'author': 'Bob', 'timestamp': '2025-09-26 01:04:45', 'category': 'humor', 'sentiment': 0.84, 'keyword_mentioned': 'meme', 'message_length': 34}
2025-09-26 01:04:50 | INFO | {'message': 'I just loved a story! It was amazing.', 'author': 'Eve', 'timestamp': '2025-09-26 01:04:50', 'category': 'other', 'sentiment': 0.3, 'keyword_mentioned': 'other', 'message_length': 37}
2025-09-26 01:04:55 | INFO | {'message': 'I just tried travel! It was weird.', 'author': 'Bob', 'timestamp': '2025-09-26 01:04:55', 'category': 'travel', 'sentiment': 0.9, 'keyword_mentioned': 'travel', 'message_length': 34}
2025-09-26 01:05:00 | INFO | {'message': 'I just loved game! It was exciting.', 'author': 'Charlie', 'timestamp': '2025-09-26 01:05:00', 'category': 'gaming', 'sentiment': 0.28, 'keyword_mentioned': 'game', 'message_length': 35}
2025-09-26 01:05:05 | INFO | {'message': 'I just loved a meme! It was amazing.', 'author': 'Charlie', 'timestamp': '2025-09-26 01:05:05', 'category': 'humor', 'sentiment': 0.93, 'keyword_mentioned': 'meme', 'message_length': 36}
2025-09-26 01:05:10 | INFO | {'message': 'I just loved a movie! It was amazing.', 'author': 'Alice', 'timestamp': '2025-09-26 01:05:10', 'category': 'entertainment', 'sentiment': 0.78, 'keyword_mentioned': 'movie', 'message_length': 37}
2025-09-26 01:05:15 | INFO | {'message': 'I just tried game! It was exciting.', 'author': 'Bob', 'timestamp': '2025-09-26 01:05:15', 'category': 'gaming', 'sentiment': 0.4, 'keyword_mentioned': 'game', 'message_length': 35}
2025-09-26 01:05:21 | INFO | {'message': 'I just loved a movie! It was boring.', 'author': 'Charlie', 'timestamp': '2025-09-26 01:05:21', 'category': 'entertainment', 'sentiment': 0.9, 'keyword_mentioned': 'movie', 'message_length': 36}
2025-09-26 01:05:26 | INFO | {'message': 'I just shared recipe! It was boring.', 'author': 'Charlie', 'timestamp': '2025-09-26 01:05:26', 'category': 'food', 'sentiment': 0.82, 'keyword_mentioned': 'recipe', 'message_length': 36}
2025-09-26 01:05:31 | INFO | {'message': 'I just found an app! It was exciting.', 'author': 'Charlie', 'timestamp': '2025-09-26 01:05:31', 'category': 'other', 'sentiment': 0.32, 'keyword_mentioned': 'other', 'message_length': 37}
2025-09-26 01:05:36 | INFO | {'message': 'I just found Python! It was weird.', 'author': 'Charlie', 'timestamp': '2025-09-26 01:05:36', 'category': 'tech', 'sentiment': 0.26, 'keyword_mentioned': 'Python', 'message_length': 34}
2025-09-26 01:05:41 | INFO | {'message': 'I just loved travel! It was weird.', 'author': 'Eve', 'timestamp': '2025-09-26 01:05:41', 'category': 'travel', 'sentiment': 0.97, 'keyword_mentioned': 'travel', 'message_length': 34}
2025-09-26 01:05:46 | INFO | {'message': 'I just found a meme! It was exciting.', 'author': 'Charlie', 'timestamp': '2025-09-26 01:05:46', 'category': 'humor', 'sentiment': 0.52, 'keyword_mentioned': 'meme', 'message_length': 37}
2025-09-26 01:05:51 | INFO | {'message': 'I just found a trick! It was funny.', 'author': 'Bob', 'timestamp': '2025-09-26 01:05:51', 'category': 'other', 'sentiment': 0.23, 'keyword_mentioned': 'other', 'message_length': 35}
2025-09-26 01:05:56 | INFO | {'message': 'I just saw an app! It was boring.', 'author': 'Bob', 'timestamp': '2025-09-26 01:05:56', 'category': 'other', 'sentiment': 0.06, 'keyword_mentioned': 'other', 'message_length': 33}
2025-09-26 01:06:01 | INFO | {'message': 'I just shared recipe! It was boring.', 'author': 'Alice', 'timestamp': '2025-09-26 01:06:01', 'category': 'food', 'sentiment': 0.51, 'keyword_mentioned': 'recipe', 'message_length': 36}
2025-09-26 01:06:06 | INFO | {'message': 'I just shared Python! It was weird.', 'author': 'Charlie', 'timestamp': '2025-09-26 01:06:06', 'category': 'tech', 'sentiment': 0.38, 'keyword_mentioned': 'Python', 'message_length': 35}
2025-09-26 01:06:11 | INFO | {'message': 'I just saw game! It was amazing.', 'author': 'Alice', 'timestamp': '2025-09-26 01:06:11', 'category': 'gaming', 'sentiment': 0.7, 'keyword_mentioned': 'game', 'message_length': 32}
2025-09-26 01:06:16 | INFO | {'message': 'I just tried a trick! It was exciting.', 'author': 'Charlie', 'timestamp': '2025-09-26 01:06:16', 'category': 'other', 'sentiment': 0.87, 'keyword_mentioned': 'other', 'message_length': 38}
2025-09-26 01:06:21 | INFO | {'message': 'I just found travel! It was boring.', 'author': 'Eve', 'timestamp': '2025-09-26 01:06:21', 'category': 'travel', 'sentiment': 0.79, 'keyword_mentioned': 'travel', 'message_length': 35}
2025-09-26 01:06:26 | INFO | {'message': 'I just loved a story! It was funny.', 'author': 'Alice', 'timestamp': '2025-09-26 01:06:26', 'category': 'other', 'sentiment': 0.19, 'keyword_mentioned': 'other', 'message_length': 35}
2025-09-26 01:06:31 | INFO | {'message': 'I just saw a meme! It was funny.', 'author': 'Bob', 'timestamp': '2025-09-26 01:06:31', 'category': 'humor', 'sentiment': 0.92, 'keyword_mentioned': 'meme', 'message_length': 32}
2025-09-26 01:06:36 | INFO | {'message': 'I just saw Python! It was weird.', 'author': 'Charlie', 'timestamp': '2025-09-26 01:06:36', 'category': 'tech', 'sentiment': 0.48, 'keyword_mentioned': 'Python', 'message_length': 32}
2025-09-26 01:06:41 | INFO | {'message': 'I just loved an app! It was exciting.', 'author': 'Alice', 'timestamp': '2025-09-26 01:06:41', 'category': 'other', 'sentiment': 0.58, 'keyword_mentioned': 'other', 'message_length': 37}
2025-09-26 01:06:46 | INFO | {'message': 'I just saw a movie! It was amazing.', 'author': 'Alice', 'timestamp': '2025-09-26 01:06:46', 'category': 'entertainment', 'sentiment': 0.93, 'keyword_mentioned': 'movie', 'message_length': 35}
2025-09-26 01:06:51 | INFO | {'message': 'I just found game! It was exciting.', 'author': 'Eve', 'timestamp': '2025-09-26 01:06:51', 'category': 'gaming', 'sentiment': 0.35, 'keyword_mentioned': 'game', 'message_length': 35}
2025-09-26 01:06:56 | INFO | {'message': 'I just saw a meme! It was funny.', 'author': 'Charlie', 'timestamp': '2025-09-26 01:06:56', 'category': 'humor', 'sentiment': 0.7, 'keyword_mentioned': 'meme', 'message_length': 32}
2025-09-26 01:07:01 | INFO | {'message': 'I just saw Python! It was weird.', 'author': 'Charlie', 'timestamp': '2025-09-26 01:07:01', 'category': 'tech', 'sentiment': 0.88, 'keyword_mentioned': 'Python', 'message_length': 32}
2025-09-26 01:07:06 | INFO | {'message': 'I just loved game! It was funny.', 'author': 'Charlie', 'timestamp': '2025-09-26 01:07:06', 'category': 'gaming', 'sentiment': 0.38, 'keyword_mentioned': 'game', 'message_length': 32}
2025-09-26 01:07:11 | INFO | {'message': 'I just tried a story! It was funny.', 'author': 'Alice', 'timestamp': '2025-09-26 01:07:11', 'category': 'other', 'sentiment': 0.36, 'keyword_mentioned': 'other', 'message_length': 35}
2025-09-26 01:07:16 | INFO | {'message': 'I just loved an app! It was exciting.', 'author': 'Eve', 'timestamp': '2025-09-26 01:07:16', 'category': 'other', 'sentiment': 0.19, 'keyword_mentioned': 'other', 'message_length': 37}
2025-09-26 01:07:21 | INFO | {'message': 'I just tried JavaScript! It was amazing.', 'author': 'Eve', 'timestamp': '2025-09-26 01:07:21', 'category': 'tech', 'sentiment': 0.59, 'keyword_mentioned': 'JavaScript', 'message_length': 40}
2025-09-26 01:07:26 | INFO | {'message': 'I just shared game! It was amazing.', 'author': 'Charlie', 'timestamp': '2025-09-26 01:07:26', 'category': 'gaming', 'sentiment': 0.07, 'keyword_mentioned': 'game', 'message_length': 35}
2025-09-26 01:07:31 | INFO | {'message': 'I just saw JavaScript! It was weird.', 'author': 'Charlie', 'timestamp': '2025-09-26 01:07:31', 'category': 'tech', 'sentiment': 0.01, 'keyword_mentioned': 'JavaScript', 'message_length': 36}
2025-09-26 01:07:36 | INFO | {'message': 'I just loved an app! It was exciting.', 'author': 'Bob', 'timestamp': '2025-09-26 01:07:36', 'category': 'other', 'sentiment': 0.49, 'keyword_mentioned': 'other', 'message_length': 37}
2025-09-26 01:07:41 | INFO | {'message': 'I just shared a trick! It was exciting.', 'author': 'Alice', 'timestamp': '2025-09-26 01:07:41', 'category': 'other', 'sentiment': 0.74, 'keyword_mentioned': 'other', 'message_length': 39}
2025-09-26 01:07:46 | INFO | {'message': 'I just saw an app! It was exciting.', 'author': 'Alice', 'timestamp': '2025-09-26 01:07:46', 'category': 'other', 'sentiment': 0.36, 'keyword_mentioned': 'other', 'message_length': 35}
2025-09-26 01:07:51 | INFO | {'message': 'I just shared a meme! It was funny.', 'author': 'Alice', 'timestamp': '2025-09-26 01:07:51', 'category': 'humor', 'sentiment': 0.78, 'keyword_mentioned': 'meme', 'message_length': 35}
2025-09-26 01:07:56 | INFO | {'message': 'I just saw a meme! It was exciting.', 'author': 'Charlie', 'timestamp': '2025-09-26 01:07:56', 'category': 'humor', 'sentiment': 0.89, 'keyword_mentioned': 'meme', 'message_length': 35}
2025-09-26 01:08:01 | INFO | {'message': 'I just saw a story! It was weird.', 'author': 'Eve', 'timestamp': '2025-09-26 01:08:01', 'category': 'other', 'sentiment': 0.54, 'keyword_mentioned': 'other', 'message_length': 33}
2025-09-26 01:08:06 | INFO | {'message': 'I just shared a movie! It was amazing.', 'author': 'Charlie', 'timestamp': '2025-09-26 01:08:06', 'category': 'entertainment', 'sentiment': 0.62, 'keyword_mentioned': 'movie', 'message_length': 38}
2025-09-26 01:08:11 | INFO | {'message': 'I just found travel! It was boring.', 'author': 'Alice', 'timestamp': '2025-09-26 01:08:11', 'category': 'travel', 'sentiment': 0.47, 'keyword_mentioned': 'travel', 'message_length': 35}
2025-09-26 01:08:16 | INFO | {'message': 'I just shared game! It was amazing.', 'author': 'Alice', 'timestamp': '2025-09-26 01:08:16', 'category': 'gaming', 'sentiment': 0.13, 'keyword_mentioned': 'game', 'message_length': 35}
2025-09-26 01:08:21 | INFO | {'message': 'I just loved an app! It was boring.', 'author': 'Alice', 'timestamp': '2025-09-26 01:08:21', 'category': 'other', 'sentiment': 0.58, 'keyword_mentioned': 'other', 'message_length': 35}
2025-09-26 01:08:26 | INFO | {'message': 'I just loved a movie! It was boring.', 'author': 'Charlie', 'timestamp': '2025-09-26 01:08:26', 'category': 'entertainment', 'sentiment': 0.15, 'keyword_mentioned': 'movie', 'message_length': 36}
2025-09-26 01:08:31 | INFO | {'message': 'I just tried JavaScript! It was boring.', 'author': 'Eve', 'timestamp': '2025-09-26 01:08:31', 'category': 'tech', 'sentiment': 0.17, 'keyword_mentioned': 'JavaScript', 'message_length': 39}
2025-09-26 01:08:36 | INFO | {'message': 'I just saw a movie! It was funny.', 'author': 'Charlie', 'timestamp': '2025-09-26 01:08:36', 'category': 'entertainment', 'sentiment': 0.47, 'keyword_mentioned': 'movie', 'message_length': 33}
2025-09-26 01:08:41 | INFO | {'message': 'I just loved an app! It was exciting.', 'author': 'Bob', 'timestamp': '2025-09-26 01:08:41', 'category': 'other', 'sentiment': 0.22, 'keyword_mentioned': 'other', 'message_length': 37}
2025-09-26 01:08:46 | INFO | {'message': 'I just saw game! It was funny.', 'author': 'Alice', 'timestamp': '2025-09-26 01:08:46', 'category': 'gaming', 'sentiment': 0.51, 'keyword_mentioned': 'game', 'message_length': 30}
2025-09-26 01:08:51 | INFO | {'message': 'I just found Python! It was exciting.', 'author': 'Alice', 'timestamp': '2025-09-26 01:08:51', 'category': 'tech', 'sentiment': 0.09, 'keyword_mentioned': 'Python', 'message_length': 37}
2025-09-26 01:08:56 | INFO | {'message': 'I just saw travel! It was boring.', 'author': 'Eve', 'timestamp': '2025-09-26 01:08:56', 'category': 'travel', 'sentiment': 0.45, 'keyword_mentioned': 'travel', 'message_length': 33}
2025-09-26 01:09:01 | INFO | {'message': 'I just shared travel! It was boring.', 'author': 'Bob', 'timestamp': '2025-09-26 01:09:01', 'category': 'travel', 'sentiment': 0.23, 'keyword_mentioned': 'travel', 'message_length': 36}
2025-09-26 01:09:06 | INFO | {'message': 'I just found a story! It was weird.', 'author': 'Bob', 'timestamp': '2025-09-26 01:09:06', 'category': 'other', 'sentiment': 0.8, 'keyword_mentioned': 'other', 'message_length': 35}
2025-09-26 01:09:11 | INFO | {'message': 'I just tried JavaScript! It was weird.', 'author': 'Bob', 'timestamp': '2025-09-26 01:09:11', 'category': 'tech', 'sentiment': 0.7, 'keyword_mentioned': 'JavaScript', 'message_length': 38}
2025-09-26 01:09:16 | INFO | {'message': 'I just saw Python! It was funny.', 'author': 'Alice', 'timestamp': '2025-09-26 01:09:16', 'category': 'tech', 'sentiment': 0.41, 'keyword_mentioned': 'Python', 'message_length': 32}
2025-09-26 01:09:21 | INFO | {'message': 'I just tried recipe! It was weird.', 'author': 'Charlie', 'timestamp': '2025-09-26 01:09:21', 'category': 'food', 'sentiment': 0.07, 'keyword_mentioned': 'recipe', 'message_length': 34}
2025-09-26 01:09:26 | INFO | {'message': 'I just shared a meme! It was boring.', 'author': 'Bob', 'timestamp': '2025-09-26 01:09:26', 'category': 'humor', 'sentiment': 0.72, 'keyword_mentioned': 'meme', 'message_length': 36}
2025-09-26 01:09:31 | INFO | {'message': 'I just found a movie! It was funny.', 'author': 'Alice', 'timestamp': '2025-09-26 01:09:31', 'category': 'entertainment', 'sentiment': 0.11, 'keyword_mentioned': 'movie', 'message_length': 35}
2025-09-26 01:09:36 | INFO | {'message': 'I just shared game! It was exciting.', 'author': 'Alice', 'timestamp': '2025-09-26 01:09:36', 'category': 'gaming', 'sentiment': 0.3, 'keyword_mentioned': 'game', 'message_length': 36}
2025-09-26 01:09:41 | INFO | {'message': 'I just tried a meme! It was boring.', 'author': 'Charlie', 'timestamp': '2025-09-26 01:09:41', 'category': 'humor', 'sentiment': 0.14, 'keyword_mentioned': 'meme', 'message_length': 35}
2025-09-26 01:09:46 | INFO | {'message': 'I just saw a movie! It was amazing.', 'author': 'Charlie', 'timestamp': '2025-09-26 01:09:46', 'category': 'entertainment', 'sentiment': 0.29, 'keyword_mentioned': 'movie', 'message_length': 35}
2025-09-26 01:09:51 | INFO | {'message': 'I just loved a movie! It was boring.', 'author': 'Bob', 'timestamp': '2025-09-26 01:09:51', 'category': 'entertainment', 'sentiment': 0.81, 'keyword_mentioned': 'movie', 'message_length': 36}
2025-09-26 01:09:56 | INFO | {'message': 'I just saw an app! It was boring.', 'author': 'Alice', 'timestamp': '2025-09-26 01:09:56', 'category': 'other', 'sentiment': 0.61, 'keyword_mentioned': 'other', 'message_length': 33}
2025-09-26 01:10:01 | INFO | {'message': 'I just shared an app! It was amazing.', 'author': 'Bob', 'timestamp': '2025-09-26 01:10:01', 'category': 'other', 'sentiment': 0.18, 'keyword_mentioned': 'other', 'message_length': 37}
2025-09-26 01:10:06 | INFO | {'message': 'I just loved an app! It was boring.', 'author': 'Bob', 'timestamp': '2025-09-26 01:10:06', 'category': 'other', 'sentiment': 0.82, 'keyword_mentioned': 'other', 'message_length': 35}
2025-09-26 01:10:11 | INFO | {'message': 'I just loved travel! It was boring.', 'author': 'Bob', 'timestamp': '2025-09-26 01:10:11', 'category': 'travel', 'sentiment': 0.13, 'keyword_mentioned': 'travel', 'message_length': 35}
2025-09-26 01:10:16 | INFO | {'message': 'I just loved travel! It was amazing.', 'author': 'Alice', 'timestamp': '2025-09-26 01:10:16', 'category': 'travel', 'sentiment': 0.03, 'keyword_mentioned': 'travel', 'message_length': 36}
2025-09-26 01:10:21 | INFO | {'message': 'I just found a trick! It was boring.', 'author': 'Charlie', 'timestamp': '2025-09-26 01:10:21', 'category': 'other', 'sentiment': 0.78, 'keyword_mentioned': 'other', 'message_length': 36}
2025-09-26 01:10:26 | INFO | {'message': 'I just found a meme! It was weird.', 'author': 'Bob', 'timestamp': '2025-09-26 01:10:26', 'category': 'humor', 'sentiment': 0.81, 'keyword_mentioned': 'meme', 'message_length': 34}
2025-09-26 01:10:31 | INFO | {'message': 'I just tried Python! It was funny.', 'author': 'Charlie', 'timestamp': '2025-09-26 01:10:31', 'category': 'tech', 'sentiment': 0.39, 'keyword_mentioned': 'Python', 'message_length': 34}
2025-09-26 01:10:36 | INFO | {'message': 'I just shared a story! It was amazing.', 'author': 'Bob', 'timestamp': '2025-09-26 01:10:36', 'category': 'other', 'sentiment': 0.48, 'keyword_mentioned': 'other', 'message_length': 38}
2025-09-26 01:10:41 | INFO | {'message': 'I just found travel! It was amazing.', 'author': 'Eve', 'timestamp': '2025-09-26 01:10:41', 'category': 'travel', 'sentiment': 0.03, 'keyword_mentioned': 'travel', 'message_length': 36}
2025-09-26 01:10:46 | INFO | {'message': 'I just found game! It was boring.', 'author': 'Alice', 'timestamp': '2025-09-26 01:10:46', 'category': 'gaming', 'sentiment': 0.62, 'keyword_mentioned': 'game', 'message_length': 33}
2025-09-26 01:10:51 | INFO | {'message': 'I just shared game! It was funny.', 'author': 'Charlie', 'timestamp': '2025-09-26 01:10:51', 'category': 'gaming', 'sentiment': 0.79, 'keyword_mentioned': 'game', 'message_length': 33}
2025-09-26 01:10:56 | INFO | {'message': 'I just found a trick! It was exciting.', 'author': 'Charlie', 'timestamp': '2025-09-26 01:10:56', 'category': 'other', 'sentiment': 0.04, 'keyword_mentioned': 'other', 'message_length': 38}
2025-09-26 01:11:01 | INFO | {'message': 'I just loved recipe! It was funny.', 'author': 'Charlie', 'timestamp': '2025-09-26 01:11:01', 'category': 'food', 'sentiment': 0.74, 'keyword_mentioned': 'recipe', 'message_length': 34}
2025-09-26 01:11:06 | INFO | {'message': 'I just shared Python! It was amazing.', 'author': 'Bob', 'timestamp': '2025-09-26 01:11:06', 'category': 'tech', 'sentiment': 0.37, 'keyword_mentioned': 'Python', 'message_length': 37}
2025-09-26 01:11:11 | INFO | {'message': 'I just loved JavaScript! It was funny.', 'author': 'Alice', 'timestamp': '2025-09-26 01:11:11', 'category': 'tech', 'sentiment': 0.84, 'keyword_mentioned': 'JavaScript', 'message_length': 38}
2025-09-26 01:11:16 | INFO | {'message': 'I just found recipe! It was amazing.', 'author': 'Alice', 'timestamp': '2025-09-26 01:11:16', 'category': 'food', 'sentiment': 0.93, 'keyword_mentioned': 'recipe', 'message_length': 36}
2025-09-26 01:11:21 | INFO | {'message': 'I just loved a story! It was boring.', 'author': 'Bob', 'timestamp': '2025-09-26 01:11:21', 'category': 'other', 'sentiment': 0.66, 'keyword_mentioned': 'other', 'message_length': 36}
2025-09-26 01:11:26 | INFO | {'message': 'I just loved a movie! It was amazing.', 'author': 'Charlie', 'timestamp': '2025-09-26 01:11:26', 'category': 'entertainment', 'sentiment': 0.03, 'keyword_mentioned': 'movie', 'message_length': 37}
2025-09-26 01:11:31 | INFO | {'message': 'I just saw a story! It was weird.', 'author': 'Charlie', 'timestamp': '2025-09-26 01:11:31', 'category': 'other', 'sentiment': 0.15, 'keyword_mentioned': 'other', 'message_length': 33}
2025-09-26 01:11:36 | INFO | {'message': 'I just loved JavaScript! It was weird.', 'author': 'Alice', 'timestamp': '2025-09-26 01:11:36', 'category': 'tech', 'sentiment': 0.09, 'keyword_mentioned': 'JavaScript', 'message_length': 38}
