2025-09-26 01:11:41 | INFO | {'message': 'I just loved recipe! It was boring.', 'author': 'Charlie', 'timestamp': '2025-09-26 01:11:41', 'category': 'food', 'sentiment': 0.72, 'keyword_mentioned': 'recipe', 'message_length': 35}
2025-09-26 01:11:46 | INFO | {'message': 'I just tried Python! It was boring.', 'author': 'Alice', 'timestamp': '2025-09-26 01:11:46', 'category': 'tech', 'sentiment': 0.19, 'keyword_mentioned': 'Python', 'message_length': 35}
2025-09-26 01:11:51 | INFO | {'message': 'I just found game! It was boring.', 'author': 'Bob', 'timestamp': '2025-09-26 01:11:51', 'category': 'gaming', 'sentiment': 0.61, 'keyword_mentioned': 'game', 'message_length': 33}
2025-09-26 01:11:56 | INFO | {'message': 'I just shared a trick! It was boring.', 'author': 'Bob', 'timestamp': '2025-09-26 01:11:56', 'category': 'other', 'sentiment': 0.52, 'keyword_mentioned': 'other', 'message_length': 37}
2025-09-26 01:12:01 | INFO | {'message': 'I just found a trick! It was amazing.', 'author': 'Charlie', 'timestamp': '2025-09-26 01:12:01', 'category': 'other', 'sentiment': 0.12, 'keyword_mentioned': 'other', 'message_length': 37}
2025-09-26 01:12:06 | INFO | {'message': 'I just shared game! It was exciting.', 'author': 'Eve', 'timestamp': '2025-09-26 01:12:06', 'category': 'gaming', 'sentiment': 0.54, 'keyword_mentioned': 'game', 'message_length': 36}
2025-09-26 01:12:11 | INFO | {'message': 'I just shared game! It was boring.', 'author': 'Bob', 'timestamp': '2025-09-26 01:12:11', 'category': 'gaming', 'sentiment': 0.22, 'keyword_mentioned': 'game', 'message_length': 34}
2025-09-26 01:12:16 | INFO | {'message': 'I just saw Python! It was amazing.', 'author': 'Bob', 'timestamp': '2025-09-26 01:12:16', 'category': 'tech', 'sentiment': 0.19, 'keyword_mentioned': 'Python', 'message_length': 34}
2025-09-26 01:12:21 | INFO | {'message': 'I just loved Python! It was weird.', 'author': 'Alice', 'timestamp': '2025-09-26 01:12:21', 'category': 'tech', 'sentiment': 0.93, 'keyword_mentioned': 'Python', 'message_length': 34}
2025-09-26 01:12:26 | INFO | {'message': 'I just shared a trick! It was exciting.', 'author': 'Charlie', 'timestamp': '2025-09-26 01:12:26', 'category': 'other', 'sentiment': 0.58, 'keyword_mentioned': 'other', 'message_length': 39}
2025-09-26 01:12:31 | INFO | {'message': 'I just found an app! It was amazing.', 'author': 'Charlie', 'timestamp': '2025-09-26 01:12:31', 'category': 'other', 'sentiment': 0.26, 'keyword_mentioned': 'other', 'message_length': 36}
2025-09-26 01:12:36 | INFO | {'message': 'I just shared JavaScript! It was weird.', 'author': 'Bob', 'timestamp': '2025-09-26 01:12:36', 'category': 'tech', 'sentiment': 0.75, 'keyword_mentioned': 'JavaScript', 'message_length': 39}
2025-09-26 01:12:41 | INFO | {'message': 'I just loved game! It was boring.', 'author': 'Eve', 'timestamp': '2025-09-26 01:12:41', 'category': 'gaming', 'sentiment': 0.71, 'keyword_mentioned': 'game', 'message_length': 33}
2025-09-26 01:12:46 | INFO | {'message': 'I just tried JavaScript! It was amazing.', 'author': 'Bob', 'timestamp': '2025-09-26 01:12:46', 'category': 'tech', 'sentiment': 0.54, 'keyword_mentioned': 'JavaScript', 'message_length': 40}
2025-09-26 01:12:51 | INFO | {'message': 'I just tried a movie! It was funny.', 'author': 'Bob', 'timestamp': '2025-09-26 01:12:51', 'category': 'entertainment', 'sentiment': 0.57, 'keyword_mentioned': 'movie', 'message_length': 35}
2025-09-26 01:12:56 | INFO | {'message': 'I just shared JavaScript! It was boring.', 'author': 'Alice', 'timestamp': '2025-09-26 01:12:56', 'category': 'tech', 'sentiment': 0.35, 'keyword_mentioned': 'JavaScript', 'message_length': 40}
2025-09-26 01:13:01 | INFO | {'message': 'I just loved Python! It was amazing.', 'author': 'Eve', 'timestamp': '2025-09-26 01:13:01', 'category': 'tech', 'sentiment': 0.88, 'keyword_mentioned': 'Python', 'message_length': 36}
2025-09-26 01:13:06 | INFO | {'message': 'I just loved Python! It was amazing.', 'author': 'Charlie', 'timestamp': '2025-09-26 01:13:06', 'category': 'tech', 'sentiment': 0.16, 'keyword_mentioned': 'Python', 'message_length': 36}
2025-09-26 01:13:11 | INFO | {'message': 'I just loved travel! It was boring.', 'author': 'Alice', 'timestamp': '2025-09-26 01:13:11', 'category': 'travel', 'sentiment': 0.62, 'keyword_mentioned': 'travel', 'message_length': 35}
2025-09-26 01:13:16 | INFO | {'message': 'I just shared travel! It was amazing.', 'author': 'Eve', 'timestamp': '2025-09-26 01:13:16', 'category': 'travel', 'sentiment': 0.27, 'keyword_mentioned': 'travel', 'message_length': 37}
2025-09-26 01:13:21 | INFO | {'message': 'I just loved a movie! It was weird.', 'author': 'Charlie', 'timestamp': '2025-09-26 01:13:21', 'category': 'entertainment', 'sentiment': 0.89, 'keyword_mentioned': 'movie', 'message_length': 35}
2025-09-26 01:13:26 | INFO | {'message': 'I just tried a story! It was exciting.', 'author': 'Alice', 'timestamp': '2025-09-26 01:13:26', 'category': 'other', 'sentiment': 0.86, 'keyword_mentioned': 'other', 'message_length': 38}
2025-09-26 01:13:31 | INFO | {'message': 'I just loved a story! It was exciting.', 'author': 'Charlie', 'timestamp': '2025-09-26 01:13:31', 'category': 'other', 'sentiment': 0.46, 'keyword_mentioned': 'other', 'message_length': 38}
2025-09-26 01:13:36 | INFO | {'message': 'I just loved a trick! It was boring.', 'author': 'Bob', 'timestamp': '2025-09-26 01:13:36', 'category': 'other', 'sentiment': 0.64, 'keyword_mentioned': 'other', 'message_length': 36}
2025-09-26 01:13:41 | INFO | {'message': 'I just saw a trick! It was boring.', 'author': 'Alice', 'timestamp': '2025-09-26 01:13:41', 'category': 'other', 'sentiment': 0.67, 'keyword_mentioned': 'other', 'message_length': 34}
2025-09-26 01:13:46 | INFO | {'message': 'I just shared JavaScript! It was amazing.', 'author': 'Charlie', 'timestamp': '2025-09-26 01:13:46', 'category': 'tech', 'sentiment': 0.56, 'keyword_mentioned': 'JavaScript', 'message_length': 41}
2025-09-26 01:13:52 | INFO | {'message': 'I just found recipe! It was amazing.', 'author': 'Alice', 'timestamp': '2025-09-26 01:13:52', 'category': 'food', 'sentiment': 0.68, 'keyword_mentioned': 'recipe', 'message_length': 36}
2025-09-26 01:13:57 | INFO | {'message': 'I just tried a meme! It was boring.', 'author': 'Charlie', 'timestamp': '2025-09-26 01:13:57', 'category': 'humor', 'sentiment': 0.43, 'keyword_mentioned': 'meme', 'message_length': 35}
2025-09-26 01:14:02 | INFO | {'message': 'I just shared recipe! It was amazing.', 'author': 'Eve', 'timestamp': '2025-09-26 01:14:02', 'category': 'food', 'sentiment': 0.42, 'keyword_mentioned': 'recipe', 'message_length': 37}
2025-09-26 01:14:07 | INFO | {'message': 'I just found travel! It was weird.', 'author': 'Alice', 'timestamp': '2025-09-26 01:14:07', 'category': 'travel', 'sentiment': 0.97, 'keyword_mentioned': 'travel', 'message_length': 34}
2025-09-26 01:14:12 | INFO | {'message': 'I just tried a movie! It was exciting.', 'author': 'Charlie', 'timestamp': '2025-09-26 01:14:12', 'category': 'entertainment', 'sentiment': 0.82, 'keyword_mentioned': 'movie', 'message_length': 38}
2025-09-26 01:14:17 | INFO | {'message': 'I just saw travel! It was exciting.', 'author': 'Bob', 'timestamp': '2025-09-26 01:14:17', 'category': 'travel', 'sentiment': 0.88, 'keyword_mentioned': 'travel', 'message_length': 35}
2025-09-26 01:14:22 | INFO | {'message': 'I just loved Python! It was funny.', 'author': 'Alice', 'timestamp': '2025-09-26 01:14:22', 'category': 'tech', 'sentiment': 0.36, 'keyword_mentioned': 'Python', 'message_length': 34}
2025-09-26 01:14:27 | INFO | {'message': 'I just shared a meme! It was exciting.', 'author': 'Eve', 'timestamp': '2025-09-26 01:14:27', 'category': 'humor', 'sentiment': 0.61, 'keyword_mentioned': 'meme', 'message_length': 38}
2025-09-26 01:14:32 | INFO | {'message': 'I just found a trick! It was funny.', 'author': 'Alice', 'timestamp': '2025-09-26 01:14:32', 'category': 'other', 'sentiment': 0.8, 'keyword_mentioned': 'other', 'message_length': 35}
2025-09-26 01:14:37 | INFO | {'message': 'I just saw a meme! It was funny.', 'author': 'Alice', 'timestamp': '2025-09-26 01:14:37', 'category': 'humor', 'sentiment': 0.18, 'keyword_mentioned': 'meme', 'message_length': 32}
2025-09-26 01:14:42 | INFO | {'message': 'I just shared recipe! It was weird.', 'author': 'Eve', 'timestamp': '2025-09-26 01:14:42', 'category': 'food', 'sentiment': 0.75, 'keyword_mentioned': 'recipe', 'message_length': 35}
2025-09-26 01:14:47 | INFO | {'message': 'I just found game! It was funny.', 'author': 'Charlie', 'timestamp': '2025-09-26 01:14:47', 'category': 'gaming', 'sentiment': 0.91, 'keyword_mentioned': 'game', 'message_length': 32}
2025-09-26 01:14:52 | INFO | {'message': 'I just tried recipe! It was funny.', 'author': 'Bob', 'timestamp': '2025-09-26 01:14:52', 'category': 'food', 'sentiment': 0.7, 'keyword_mentioned': 'recipe', 'message_length': 34}
2025-09-26 01:14:57 | INFO | {'message': 'I just found a meme! It was amazing.', 'author': 'Alice', 'timestamp': '2025-09-26 01:14:57', 'category': 'humor', 'sentiment': 0.46, 'keyword_mentioned': 'meme', 'message_length': 36}
2025-09-26 01:15:02 | INFO | {'message': 'I just loved a meme! It was exciting.', 'author': 'Charlie', 'timestamp': '2025-09-26 01:15:02', 'category': 'humor', 'sentiment': 0.99, 'keyword_mentioned': 'meme', 'message_length': 37}
2025-09-26 01:15:07 | INFO | {'message': 'I just saw an app! It was boring.', 'author': 'Bob', 'timestamp': '2025-09-26 01:15:07', 'category': 'other', 'sentiment': 0.53, 'keyword_mentioned': 'other', 'message_length': 33}
2025-09-26 01:15:12 | INFO | {'message': 'I just found a meme! It was weird.', 'author': 'Eve', 'timestamp': '2025-09-26 01:15:12', 'category': 'humor', 'sentiment': 0.86, 'keyword_mentioned': 'meme', 'message_length': 34}
2025-09-26 01:15:17 | INFO | {'message': 'I just shared a story! It was boring.', 'author': 'Bob', 'timestamp': '2025-09-26 01:15:17', 'category': 'other', 'sentiment': 0.85, 'keyword_mentioned': 'other', 'message_length': 37}
2025-09-26 01:15:22 | INFO | {'message': 'I just tried an app! It was amazing.', 'author': 'Charlie', 'timestamp': '2025-09-26 01:15:22', 'category': 'other', 'sentiment': 0.08, 'keyword_mentioned': 'other', 'message_length': 36}
2025-09-26 01:15:27 | INFO | {'message': 'I just saw travel! It was amazing.', 'author': 'Charlie', 'timestamp': '2025-09-26 01:15:27', 'category': 'travel', 'sentiment': 0.14, 'keyword_mentioned': 'travel', 'message_length': 34}
2025-09-26 01:15:32 | INFO | {'message': 'I just loved a story! It was exciting.', 'author': 'Charlie', 'timestamp': '2025-09-26 01:15:32', 'category': 'other', 'sentiment': 0.4, 'keyword_mentioned': 'other', 'message_length': 38}
2025-09-26 01:15:37 | INFO | {'message': 'I just tried a story! It was amazing.', 'author': 'Alice', 'timestamp': '2025-09-26 01:15:37', 'category': 'other', 'sentiment': 0.38, 'keyword_mentioned': 'other', 'message_length': 37}
2025-09-26 01:15:42 | INFO | {'message': 'I just shared travel! It was amazing.', 'author': 'Alice', 'timestamp': '2025-09-26 01:15:42', 'category': 'travel', 'sentiment': 0.57, 'keyword_mentioned': 'travel', 'message_length': 37}
2025-09-26 01:15:47 | INFO | {'message': 'I just tried travel! It was amazing.', 'author': 'Alice', 'timestamp': '2025-09-26 01:15:47', 'category': 'travel', 'sentiment': 0.52, 'keyword_mentioned': 'travel', 'message_length': 36}
2025-09-26 01:15:52 | INFO | {'message': 'I just found a movie! It was amazing.', 'author': 'Eve', 'timestamp': '2025-09-26 01:15:52', 'category': 'entertainment', 'sentiment': 0.13, 'keyword_mentioned': 'movie', 'message_length': 37}
2025-09-26 01:15:57 | INFO | {'message': 'I just shared travel! It was boring.', 'author': 'Charlie', 'timestamp': '2025-09-26 01:15:57', 'category': 'travel', 'sentiment': 0.83, 'keyword_mentioned': 'travel', 'message_length': 36}
2025-09-26 01:16:02 | INFO | {'message': 'I just found travel! It was boring.', 'author': 'Alice', 'timestamp': '2025-09-26 01:16:02', 'category': 'travel', 'sentiment': 0.42, 'keyword_mentioned': 'travel', 'message_length': 35}
2025-09-26 01:16:07 | INFO | {'message': 'I just tried a movie! It was boring.', 'author': 'Alice', 'timestamp': '2025-09-26 01:16:07', 'category': 'entertainment', 'sentiment': 0.21, 'keyword_mentioned': 'movie', 'message_length': 36}
2025-09-26 01:16:12 | INFO | {'message': 'I just tried a meme! It was weird.', 'author': 'Eve', 'timestamp': '2025-09-26 01:16:12', 'category': 'humor', 'sentiment': 0.45, 'keyword_mentioned': 'meme', 'message_length': 34}
2025-09-26 01:16:17 | INFO | {'message': 'I just saw travel! It was exciting.', 'author': 'Bob', 'timestamp': '2025-09-26 01:16:17', 'category': 'travel', 'sentiment': 0.39, 'keyword_mentioned': 'travel', 'message_length': 35}
2025-09-26 01:16:22 | INFO | {'message': 'I just shared a meme! It was exciting.', 'author': 'Charlie', 'timestamp': '2025-09-26 01:16:22', 'category': 'humor', 'sentiment': 0.25, 'keyword_mentioned': 'meme', 'message_length': 38}
2025-09-26 01:16:27 | INFO | {'message': 'I just shared JavaScript! It was amazing.', 'author': 'Eve', 'timestamp': '2025-09-26 01:16:27', 'category': 'tech', 'sentiment': 0.35, 'keyword_mentioned': 'JavaScript', 'message_length': 41}
2025-09-26 01:16:32 | INFO | {'message': 'I just saw travel! It was exciting.', 'author': 'Bob', 'timestamp': '2025-09-26 01:16:32', 'category': 'travel', 'sentiment': 0.71, 'keyword_mentioned': 'travel', 'message_length': 35}
2025-09-26 01:16:37 | INFO | {'message': 'I just tried Python! It was amazing.', 'author': 'Charlie', 'timestamp': '2025-09-26 01:16:37', 'category': 'tech', 'sentiment': 0.22, 'keyword_mentioned': 'Python', 'message_length': 36}
2025-09-26 01:16:42 | INFO | {'message': 'I just loved an app! It was boring.', 'author': 'Charlie', 'timestamp': '2025-09-26 01:16:42', 'category': 'other', 'sentiment': 0.24, 'keyword_mentioned': 'other', 'message_length': 35}
2025-09-26 01:16:47 | INFO | {'message': 'I just loved a story! It was boring.', 'author': 'Charlie', 'timestamp': '2025-09-26 01:16:47', 'category': 'other', 'sentiment': 0.89, 'keyword_mentioned': 'other', 'message_length': 36}
2025-09-26 01:16:52 | INFO | {'message': 'I just tried game! It was funny.', 'author': 'Bob', 'timestamp': '2025-09-26 01:16:52', 'category': 'gaming', 'sentiment': 0.25, 'keyword_mentioned': 'game', 'message_length': 32}
2025-09-26 01:16:57 | INFO | {'message': 'I just loved JavaScript! It was boring.', 'author': 'Bob', 'timestamp': '2025-09-26 01:16:57', 'category': 'tech', 'sentiment': 0.35, 'keyword_mentioned': 'JavaScript', 'message_length': 39}
2025-09-26 01:17:02 | INFO | {'message': 'I just tried Python! It was boring.', 'author': 'Charlie', 'timestamp': '2025-09-26 01:17:02', 'category': 'tech', 'sentiment': 0.85, 'keyword_mentioned': 'Python', 'message_length': 35}
2025-09-26 01:17:07 | INFO | {'message': 'I just loved an app! It was weird.', 'author': 'Bob', 'timestamp': '2025-09-26 01:17:07', 'category': 'other', 'sentiment': 0.29, 'keyword_mentioned': 'other', 'message_length': 34}
2025-09-26 01:17:12 | INFO | {'message': 'I just saw recipe! It was funny.', 'author': 'Bob', 'timestamp': '2025-09-26 01:17:12', 'category': 'food', 'sentiment': 0.06, 'keyword_mentioned': 'recipe', 'message_length': 32}
2025-09-26 01:17:17 | INFO | {'message': 'I just loved a story! It was amazing.', 'author': 'Alice', 'timestamp': '2025-09-26 01:17:17', 'category': 'other', 'sentiment': 0.94, 'keyword_mentioned': 'other', 'message_length': 37}
2025-09-26 01:17:22 | INFO | {'message': 'I just saw game! It was exciting.', 'author': 'Charlie', 'timestamp': '2025-09-26 01:17:22', 'category': 'gaming', 'sentiment': 0.7, 'keyword_mentioned': 'game', 'message_length': 33}
2025-09-26 01:17:27 | INFO | {'message': 'I just tried an app! It was amazing.', 'author': 'Charlie', 'timestamp': '2025-09-26 01:17:27', 'category': 'other', 'sentiment': 0.37, 'keyword_mentioned': 'other', 'message_length': 36}
2025-09-26 01:17:32 | INFO | {'message': 'I just found an app! It was exciting.', 'author': 'Bob', 'timestamp': '2025-09-26 01:17:32', 'category': 'other', 'sentiment': 0.42, 'keyword_mentioned': 'other', 'message_length': 37}
2025-09-26 01:17:37 | INFO | {'message': 'I just loved recipe! It was exciting.', 'author': 'Charlie', 'timestamp': '2025-09-26 01:17:37', 'category': 'food', 'sentiment': 0.38, 'keyword_mentioned': 'recipe', 'message_length': 37}
2025-09-26 01:17:42 | INFO | {'message': 'I just loved JavaScript! It was amazing.', 'author': 'Eve', 'timestamp': '2025-09-26 01:17:42', 'category': 'tech', 'sentiment': 0.55, 'keyword_mentioned': 'JavaScript', 'message_length': 40}
2025-09-26 01:17:47 | INFO | {'message': 'I just loved an app! It was weird.', 'author': 'Charlie', 'timestamp': '2025-09-26 01:17:47', 'category': 'other', 'sentiment': 0.02, 'keyword_mentioned': 'other', 'message_length': 34}
2025-09-26 01:17:52 | INFO | {'message': 'I just shared a story! It was funny.', 'author': 'Charlie', 'timestamp': '2025-09-26 01:17:52', 'category': 'other', 'sentiment': 0.48, 'keyword_mentioned': 'other', 'message_length': 36}
2025-09-26 01:17:57 | INFO | {'message': 'I just tried Python! It was exciting.', 'author': 'Alice', 'timestamp': '2025-09-26 01:17:57', 'category': 'tech', 'sentiment': 0.77, 'keyword_mentioned': 'Python', 'message_length': 37}
2025-09-26 01:18:02 | INFO | {'message': 'I just loved a meme! It was exciting.', 'author': 'Eve', 'timestamp': '2025-09-26 01:18:02', 'category': 'humor', 'sentiment': 0.25, 'keyword_mentioned': 'meme', 'message_length': 37}
2025-09-26 01:18:07 | INFO | {'message': 'I just tried recipe! It was amazing.', 'author': 'Alice', 'timestamp': '2025-09-26 01:18:07', 'category': 'food', 'sentiment': 0.18, 'keyword_mentioned': 'recipe', 'message_length': 36}
2025-09-26 01:18:12 | INFO | {'message': 'I just found a trick! It was boring.', 'author': 'Alice', 'timestamp': '2025-09-26 01:18:12', 'category': 'other', 'sentiment': 0.3, 'keyword_mentioned': 'other', 'message_length': 36}
2025-09-26 01:18:17 | INFO | {'message': 'I just found recipe! It was weird.', 'author': 'Bob', 'timestamp': '2025-09-26 01:18:17', 'category': 'food', 'sentiment': 0.1, 'keyword_mentioned': 'recipe', 'message_length': 34}
2025-09-26 01:18:22 | INFO | {'message': 'I just tried travel! It was exciting.', 'author': 'Charlie', 'timestamp': '2025-09-26 01:18:22', 'category': 'travel', 'sentiment': 0.22, 'keyword_mentioned': 'travel', 'message_length': 37}
2025-09-26 01:18:27 | INFO | {'message': 'I just tried a meme! It was weird.', 'author': 'Charlie', 'timestamp': '2025-09-26 01:18:27', 'category': 'humor', 'sentiment': 0.89, 'keyword_mentioned': 'meme', 'message_length': 34}
2025-09-26 01:18:32 | INFO | {'message': 'I just tried Python! It was exciting.', 'author': 'Charlie', 'timestamp': '2025-09-26 01:18:32', 'category': 'tech', 'sentiment': 0.32, 'keyword_mentioned': 'Python', 'message_length': 37}
2025-09-26 01:18:37 | INFO | {'message': 'I just saw Python! It was boring.', 'author': 'Alice', 'timestamp': '2025-09-26 01:18:37', 'category': 'tech', 'sentiment': 0.02, 'keyword_mentioned': 'Python', 'message_length': 33}
2025-09-26 01:18:42 | INFO | {'message': 'I just found a trick! It was exciting.', 'author': 'Eve', 'timestamp': '2025-09-26 01:18:42', 'category': 'other', 'sentiment': 0.51, 'keyword_mentioned': 'other', 'message_length': 38}
2025-09-26 01:18:47 | INFO | {'message': 'I just found a movie! It was amazing.', 'author': 'Bob', 'timestamp': '2025-09-26 01:18:47', 'category': 'entertainment', 'sentiment': 0.45, 'keyword_mentioned': 'movie', 'message_length': 37}
2025-09-26 01:18:52 | INFO | {'message': 'I just shared a trick! It was amazing.', 'author': 'Alice', 'timestamp': '2025-09-26 01:18:52', 'category': 'other', 'sentiment': 0.72, 'keyword_mentioned': 'other', 'message_length': 38}
2025-09-26 01:18:57 | INFO | {'message': 'I just loved Python! It was exciting.', 'author': 'Alice', 'timestamp': '2025-09-26 01:18:57', 'category': 'tech', 'sentiment': 0.09, 'keyword_mentioned': 'Python', 'message_length': 37}
2025-09-26 01:19:02 | INFO | {'message': 'I just loved a movie! It was exciting.', 'author': 'Eve', 'timestamp': '2025-09-26 01:19:02', 'category': 'entertainment', 'sentiment': 0.93, 'keyword_mentioned': 'movie', 'message_length': 38}
2025-09-26 01:19:07 | INFO | {'message': 'I just shared travel! It was boring.', 'author': 'Alice', 'timestamp': '2025-09-26 01:19:07', 'category': 'travel', 'sentiment': 0.25, 'keyword_mentioned': 'travel', 'message_length': 36}
2025-09-26 01:19:12 | INFO | {'message': 'I just saw Python! It was boring.', 'author': 'Eve', 'timestamp': '2025-09-26 01:19:12', 'category': 'tech', 'sentiment': 0.61, 'keyword_mentioned': 'Python', 'message_length': 33}
2025-09-26 01:19:17 | INFO | {'message': 'I just tried a story! It was funny.', 'author': 'Charlie', 'timestamp': '2025-09-26 01:19:17', 'category': 'other', 'sentiment': 0.4, 'keyword_mentioned': 'other', 'message_length': 35}
2025-09-26 01:19:22 | INFO | {'message': 'I just loved game! It was amazing.', 'author': 'Alice', 'timestamp': '2025-09-26 01:19:22', 'category': 'gaming', 'sentiment': 0.47, 'keyword_mentioned': 'game', 'message_length': 34}
2025-09-26 01:19:27 | INFO | {'message': 'I just tried JavaScript! It was boring.', 'author': 'Bob', 'timestamp': '2025-09-26 01:19:27', 'category': 'tech', 'sentiment': 0.56, 'keyword_mentioned': 'JavaScript', 'message_length': 39}
2025-09-26 01:19:32 | INFO | {'message': 'I just saw a story! It was boring.', 'author': 'Bob', 'timestamp': '2025-09-26 01:19:32', 'category': 'other', 'sentiment': 0.25, 'keyword_mentioned': 'other', 'message_length': 34}
2025-09-26 01:19:37 | INFO | {'message': 'I just found recipe! It was exciting.', 'author': 'Charlie', 'timestamp': '2025-09-26 01:19:37', 'category': 'food', 'sentiment': 0.49, 'keyword_mentioned': 'recipe', 'message_length': 37}
2025-09-26 01:19:42 | INFO | {'message': 'I just shared game! It was boring.', 'author': 'Bob', 'timestamp': '2025-09-26 01:19:42', 'category': 'gaming', 'sentiment': 0.99, 'keyword_mentioned': 'game', 'message_length': 34}
2025-09-26 01:19:47 | INFO | {'message': 'I just found an app! It was funny.', 'author': 'Eve', 'timestamp': '2025-09-26 01:19:47', 'category': 'other', 'sentiment': 0.45, 'keyword_mentioned': 'other', 'message_length': 34}
2025-09-26 01:19:52 | INFO | {'message': 'I just tried travel! It was boring.', 'author': 'Eve', 'timestamp': '2025-09-26 01:19:52', 'category': 'travel', 'sentiment': 0.04, 'keyword_mentioned': 'travel', 'message_length': 35}
2025-09-26 01:19:57 | INFO | {'message': 'I just found a meme! It was boring.', 'author': 'Eve', 'timestamp': '2025-09-26 01:19:57', 'category': 'humor', 'sentiment': 0.59, 'keyword_mentioned': 'meme', 'message_length': 35}
2025-09-26 01:20:02 | INFO | {'message': 'I just shared recipe! It was exciting.', 'author': 'Alice', 'timestamp': '2025-09-26 01:20:02', 'category': 'food', 'sentiment': 0.83, 'keyword_mentioned': 'recipe', 'message_length': 38}
2025-09-26 01:20:07 | INFO | {'message': 'I just loved game! It was funny.', 'author': 'Bob', 'timestamp': '2025-09-26 01:20:07', 'category': 'gaming', 'sentiment': 0.89, 'keyword_mentioned': 'game', 'message_length': 32}
2025-09-26 01:20:12 | INFO | {'message': 'I just shared recipe! It was weird.', 'author': 'Eve', 'timestamp': '2025-09-26 01:20:12', 'category': 'food', 'sentiment': 0.24, 'keyword_mentioned': 'recipe', 'message_length': 35}
2025-09-26 01:20:17 | INFO | {'message': 'I just saw Python! It was funny.', 'author': 'Eve', 'timestamp': '2025-09-26 01:20:17', 'category': 'tech', 'sentiment': 0.84, 'keyword_mentioned': 'Python', 'message_length': 32}
2025-09-26 01:20:22 | INFO | {'message': 'I just tried travel! It was weird.', 'author': 'Bob', 'timestamp': '2025-09-26 01:20:22', 'category': 'travel', 'sentiment': 0.23, 'keyword_mentioned': 'travel', 'message_length': 34}
2025-09-26 01:20:27 | INFO | {'message': 'I just loved a story! It was amazing.', 'author': 'Charlie', 'timestamp': '2025-09-26 01:20:27', 'category': 'other', 'sentiment': 0.4, 'keyword_mentioned': 'other', 'message_length': 37}
2025-09-26 01:20:32 | INFO | {'message': 'I just loved travel! It was boring.', 'author': 'Charlie', 'timestamp': '2025-09-26 01:20:32', 'category': 'travel', 'sentiment': 0.26, 'keyword_mentioned': 'travel', 'message_length': 35}
2025-09-26 01:20:37 | INFO | {'message': 'I just saw a trick! It was boring.', 'author': 'Eve', 'timestamp': '2025-09-26 01:20:37', 'category': 'other', 'sentiment': 0.62, 'keyword_mentioned': 'other', 'message_length': 34}
2025-09-26 01:20:42 | INFO | {'message': 'I just found travel! It was amazing.', 'author': 'Bob', 'timestamp': '2025-09-26 01:20:42', 'category': 'travel', 'sentiment': 0.71, 'keyword_mentioned': 'travel', 'message_length': 36}
2025-09-26 01:20:47 | INFO | {'message': 'I just tried a story! It was amazing.', 'author': 'Eve', 'timestamp': '2025-09-26 01:20:47', 'category': 'other', 'sentiment': 0.88, 'keyword_mentioned': 'other', 'message_length': 37}
2025-09-26 01:20:52 | INFO | {'message': 'I just shared a meme! It was exciting.', 'author': 'Eve', 'timestamp': '2025-09-26 01:20:52', 'category': 'humor', 'sentiment': 0.36, 'keyword_mentioned': 'meme', 'message_length': 38}
2025-09-26 01:20:57 | INFO | {'message': 'I just found travel! It was boring.', 'author': 'Alice', 'timestamp': '2025-09-26 01:20:57', 'category': 'travel', 'sentiment': 0.05, 'keyword_mentioned': 'travel', 'message_length': 35}
2025-09-26 01:21:02 | INFO | {'message': 'I just shared a story! It was weird.', 'author': 'Eve', 'timestamp': '2025-09-26 01:21:02', 'category': 'other', 'sentiment': 0.11, 'keyword_mentioned': 'other', 'message_length': 36}
2025-09-26 01:21:07 | INFO | {'message': 'I just loved a trick! It was exciting.', 'author': 'Bob', 'timestamp': '2025-09-26 01:21:07', 'category': 'other', 'sentiment': 0.81, 'keyword_mentioned': 'other', 'message_length': 38}
2025-09-26 01:21:12 | INFO | {'message': 'I just saw a trick! It was weird.', 'author': 'Bob', 'timestamp': '2025-09-26 01:21:12', 'category': 'other', 'sentiment': 0.77, 'keyword_mentioned': 'other', 'message_length': 33}
2025-09-26 01:21:18 | INFO | {'message': 'I just saw a story! It was funny.', 'author': 'Alice', 'timestamp': '2025-09-26 01:21:18', 'category': 'other', 'sentiment': 0.52, 'keyword_mentioned': 'other', 'message_length': 33}
2025-09-26 01:21:23 | INFO | {'message': 'I just shared game! It was weird.', 'author': 'Charlie', 'timestamp': '2025-09-26 01:21:23', 'category': 'gaming', 'sentiment': 0.65, 'keyword_mentioned': 'game', 'message_length': 33}
2025-09-26 01:21:28 | INFO | {'message': 'I just loved a meme! It was exciting.', 'author': 'Charlie', 'timestamp': '2025-09-26 01:21:28', 'category': 'humor', 'sentiment': 0.46, 'keyword_mentioned': 'meme', 'message_length': 37}
2025-09-26 01:21:33 | INFO | {'message': 'I just loved game! It was weird.', 'author': 'Charlie', 'timestamp': '2025-09-26 01:21:33', 'category': 'gaming', 'sentiment': 0.63, 'keyword_mentioned': 'game', 'message_length': 32}
2025-09-26 01:21:38 | INFO | {'message': 'I just tried travel! It was exciting.', 'author': 'Bob', 'timestamp': '2025-09-26 01:21:38', 'category': 'travel', 'sentiment': 0.66, 'keyword_mentioned': 'travel', 'message_length': 37}
2025-09-26 01:21:43 | INFO | {'message': 'I just shared travel! It was weird.', 'author': 'Charlie', 'timestamp': '2025-09-26 01:21:43', 'category': 'travel', 'sentiment': 0.33, 'keyword_mentioned': 'travel', 'message_length': 35}
2025-09-26 01:21:48 | INFO | {'message': 'I just loved travel! It was boring.', 'author': 'Alice', 'timestamp': '2025-09-26 01:21:48', 'category': 'travel', 'sentiment': 0.01, 'keyword_mentioned': 'travel', 'message_length': 35}
2025-09-26 01:21:53 | INFO | {'message': 'I just loved travel! It was exciting.', 'author': 'Charlie', 'timestamp': '2025-09-26 01:21:53', 'category': 'travel', 'sentiment': 0.48, 'keyword_mentioned': 'travel', 'message_length': 37}
2025-09-26 01:21:58 | INFO | {'message': 'I just loved game! It was amazing.', 'author': 'Bob', 'timestamp': '2025-09-26 01:21:58', 'category': 'gaming', 'sentiment': 0.81, 'keyword_mentioned': 'game', 'message_length': 34}
2025-09-26 01:22:03 | INFO | {'message': 'I just found JavaScript! It was boring.', 'author': 'Charlie', 'timestamp': '2025-09-26 01:22:03', 'category': 'tech', 'sentiment': 0.55, 'keyword_mentioned': 'JavaScript', 'message_length': 39}
2025-09-26 01:22:08 | INFO | {'message': 'I just loved recipe! It was weird.', 'author': 'Bob', 'timestamp': '2025-09-26 01:22:08', 'category': 'food', 'sentiment': 0.22, 'keyword_mentioned': 'recipe', 'message_length': 34}
2025-09-26 01:22:13 | INFO | {'message': 'I just tried a story! It was boring.', 'author': 'Bob', 'timestamp': '2025-09-26 01:22:13', 'category': 'other', 'sentiment': 0.46, 'keyword_mentioned': 'other', 'message_length': 36}
2025-09-26 01:22:18 | INFO | {'message': 'I just shared a meme! It was exciting.', 'author': 'Charlie', 'timestamp': '2025-09-26 01:22:18', 'category': 'humor', 'sentiment': 0.74, 'keyword_mentioned': 'meme', 'message_length': 38}
2025-09-26 01:22:23 | INFO | {'message': 'I just found JavaScript! It was weird.', 'author': 'Bob', 'timestamp': '2025-09-26 01:22:23', 'category': 'tech', 'sentiment': 0.31, 'keyword_mentioned': 'JavaScript', 'message_length': 38}
2025-09-26 01:22:28 | INFO | {'message': 'I just found a movie! It was amazing.', 'author': 'Bob', 'timestamp': '2025-09-26 01:22:28', 'category': 'entertainment', 'sentiment': 0.33, 'keyword_mentioned': 'movie', 'message_length': 37}
2025-09-26 01:22:33 | INFO | {'message': 'I just saw game! It was exciting.', 'author': 'Eve', 'timestamp': '2025-09-26 01:22:33', 'category': 'gaming', 'sentiment': 0.88, 'keyword_mentioned': 'game', 'message_length': 33}
2025-09-26 01:22:38 | INFO | {'message': 'I just loved a trick! It was funny.', 'author': 'Eve', 'timestamp': '2025-09-26 01:22:38', 'category': 'other', 'sentiment': 0.86, 'keyword_mentioned': 'other', 'message_length': 35}
2025-09-26 01:22:43 | INFO | {'message': 'I just loved travel! It was weird.', 'author': 'Eve', 'timestamp': '2025-09-26 01:22:43', 'category': 'travel', 'sentiment': 0.98, 'keyword_mentioned': 'travel', 'message_length': 34}
2025-09-26 01:22:48 | INFO | {'message': 'I just tried JavaScript! It was boring.', 'author': 'Charlie', 'timestamp': '2025-09-26 01:22:48', 'category': 'tech', 'sentiment': 0.19, 'keyword_mentioned': 'JavaScript', 'message_length': 39}
2025-09-26 01:22:53 | INFO | {'message': 'I just tried game! It was exciting.', 'author': 'Charlie', 'timestamp': '2025-09-26 01:22:53', 'category': 'gaming', 'sentiment': 0.78, 'keyword_mentioned': 'game', 'message_length': 35}
2025-09-26 01:22:58 | INFO | {'message': 'I just found game! It was weird.', 'author': 'Eve', 'timestamp': '2025-09-26 01:22:58', 'category': 'gaming', 'sentiment': 0.29, 'keyword_mentioned': 'game', 'message_length': 32}
2025-09-26 01:23:03 | INFO | {'message': 'I just saw Python! It was amazing.', 'author': 'Eve', 'timestamp': '2025-09-26 01:23:03', 'category': 'tech', 'sentiment': 0.12, 'keyword_mentioned': 'Python', 'message_length': 34}
2025-09-26 01:23:08 | INFO | {'message': 'I just loved game! It was boring.', 'author': 'Alice', 'timestamp': '2025-09-26 01:23:08', 'category': 'gaming', 'sentiment': 0.19, 'keyword_mentioned': 'game', 'message_length': 33}
2025-09-26 01:23:13 | INFO | {'message': 'I just loved travel! It was amazing.', 'author': 'Charlie', 'timestamp': '2025-09-26 01:23:13', 'category': 'travel', 'sentiment': 0.98, 'keyword_mentioned': 'travel', 'message_length': 36}
2025-09-26 01:23:18 | INFO | {'message': 'I just found recipe! It was weird.', 'author': 'Charlie', 'timestamp': '2025-09-26 01:23:18', 'category': 'food', 'sentiment': 0.54, 'keyword_mentioned': 'recipe', 'message_length': 34}
2025-09-26 01:23:23 | INFO | {'message': 'I just saw Python! It was amazing.', 'author': 'Charlie', 'timestamp': '2025-09-26 01:23:23', 'category': 'tech', 'sentiment': 0.14, 'keyword_mentioned': 'Python', 'message_length': 34}
2025-09-26 01:23:28 | INFO | {'message': 'I just shared Python! It was amazing.', 'author': 'Charlie', 'timestamp': '2025-09-26 01:23:28', 'category': 'tech', 'sentiment': 0.13, 'keyword_mentioned': 'Python', 'message_length': 37}
2025-09-26 01:23:33 | INFO | {'message': 'I just shared Python! It was funny.', 'author': 'Eve', 'timestamp': '2025-09-26 01:23:33', 'category': 'tech', 'sentiment': 0.28, 'keyword_mentioned': 'Python', 'message_length': 35}
2025-09-26 01:23:38 | INFO | {'message': 'I just loved an app! It was boring.', 'author': 'Alice', 'timestamp': '2025-09-26 01:23:38', 'category': 'other', 'sentiment': 0.43, 'keyword_mentioned': 'other', 'message_length': 35}
2025-09-26 01:23:43 | INFO | {'message': 'I just shared recipe! It was exciting.', 'author': 'Alice', 'timestamp': '2025-09-26 01:23:43', 'category': 'food', 'sentiment': 0.01, 'keyword_mentioned': 'recipe', 'message_length': 38}
2025-09-26 01:23:48 | INFO | {'message': 'I just loved a meme! It was exciting.', 'author': 'Eve', 'timestamp': '2025-09-26 01:23:48', 'category': 'humor', 'sentiment': 0.46, 'keyword_mentioned': 'meme', 'message_length': 37}
2025-09-26 01:23:53 | INFO | {'message': 'I just loved recipe! It was amazing.', 'author': 'Eve', 'timestamp': '2025-09-26 01:23:53', 'category': 'food', 'sentiment': 0.62, 'keyword_mentioned': 'recipe', 'message_length': 36}
2025-09-26 01:23:58 | INFO | {'message': 'I just loved a movie! It was funny.', 'author': 'Alice', 'timestamp': '2025-09-26 01:23:58', 'category': 'entertainment', 'sentiment': 0.36, 'keyword_mentioned': 'movie', 'message_length': 35}
2025-09-26 01:24:00 | WARNING | Producer interrupted by user.
2025-09-26 01:24:00 | INFO | Producer shutting down.
